 INFO  @ [INICIO del proceso][2019-05-09@12:21:59]
 INFO  @ Usuario: weblogicap 
 INFO  @ Transaccion: 20190509122159
 INFO  @ Ruta del archivo properties: /home/weblogicap/shells/SH01_MOTPROM_ValidaDes_IncumplimientoPago/SH01_MOTPROM_ValidaDes_IncumplimientoPago.properties
 INFO  @ [INICIO de la ejecucion de la Shell][2019-05-09@12:21:59]
log4j:WARN No appenders could be found for logger (org.springframework.core.env.StandardEnvironment).
log4j:WARN Please initialize the log4j system properly.
[INFO ] [2019-05-09 12:22:00] (MainClass:64) - [loadLog4J idTx=20190509122159][INICIO de metodo: loadLog4J]
[INFO ] [2019-05-09 12:22:00] (MainClass:65) - [loadLog4J idTx=20190509122159][FIN de metodo: loadLog4J] Tiempo total de proceso(ms): 37 milisegundos.
[INFO ] [2019-05-09 12:22:00] (MainClass:38) - [main idTx=20190509122159][INICIO de metodo: main]
[INFO ] [2019-05-09 12:22:00] (MainClass:74) - [launch idTx=20190509122159][INICIO de metodo: launch]
[INFO ] [2019-05-09 12:22:01] (MainServiceImpl:38) - 20190509122159[INICIO - SH01_MOTPROM_ValidaDes_IncumplimientoPago ]
[INFO ] [2019-05-09 12:22:01] (MainServiceImpl:83) - 20190509122159INICIO  : Desactivacion por Incumplimiento Pago
[INFO ] [2019-05-09 12:22:01] (MotorPromDAOImpl:50) - 20190509122159[obtener Cambio Plan Ciclo Facturacion] [INICIO] - METODO: obtener Cambio Plan Ciclo Facturacion
[INFO ] [2019-05-09 12:22:01] (MotorPromDAOImpl:64) - 20190509122159 Se establecio conexion con la BD BSCS
[INFO ] [2019-05-09 12:22:01] (MotorPromDAOImpl:65) - 20190509122159 Consultando a la BD: BSCS.Detalle: tim
[INFO ] [2019-05-09 12:22:01] (MotorPromDAOImpl:66) - 20190509122159 SP a ejecutar: [pkg_motprom_proces_trans.promss_desa_cambio_pagopuntual]
[INFO ] [2019-05-09 12:22:01] (MotorPromDAOImpl:67) - 20190509122159 Ejecutando SP 
[INFO ] [2019-05-09 12:22:01] (MotorPromDAOImpl:68) - 20190509122159 [INPUT] 
[INFO ] [2019-05-09 12:22:01] (XmlBeanDefinitionReader:315) - Loading XML bean definitions from class path resource [org/springframework/jdbc/support/sql-error-codes.xml]
[INFO ] [2019-05-09 12:22:01] (SQLErrorCodesFactory:126) - SQLErrorCodes loaded: [DB2, Derby, H2, HSQL, Informix, MS-SQL, MySQL, Oracle, PostgreSQL, Sybase]
[ERROR] [2019-05-09 12:22:01] (MotorPromDAOImpl:119) - 20190509122159-2
[INFO ] [2019-05-09 12:22:01] (MotorPromDAOImpl:124) - 20190509122159 - Fin del método registrar- Tiempo total de proceso : 216 milisegundos.
[ERROR] [2019-05-09 12:22:01] (MainServiceImpl:113) - 20190509122159- Error en la BD BSCS - null.pkg_motprom_proces_trans.promss_desa_cambio_pagopuntual. Error: Recurso no disponible - SP $nombre_SP - JNDI $usuario
claro.com.pe.incontrato.exception.DBException: Error: Recurso no disponible - SP $nombre_SP - JNDI $usuario
	at claro.com.pe.incontrato.dao.MotorPromDAOImpl.obtenerCambioFacturacion(MotorPromDAOImpl.java:120)
	at claro.com.pe.incontrato.service.MainServiceImpl.jecutarIncumplimientoPago(MainServiceImpl.java:85)
	at claro.com.pe.incontrato.service.MainServiceImpl.run(MainServiceImpl.java:47)
	at sun.reflect.NativeMethodAccessorImpl.invoke0(Native Method)
	at sun.reflect.NativeMethodAccessorImpl.invoke(NativeMethodAccessorImpl.java:62)
	at sun.reflect.DelegatingMethodAccessorImpl.invoke(DelegatingMethodAccessorImpl.java:43)
	at java.lang.reflect.Method.invoke(Method.java:497)
	at org.springframework.aop.support.AopUtils.invokeJoinpointUsingReflection(AopUtils.java:318)
	at org.springframework.aop.framework.ReflectiveMethodInvocation.invokeJoinpoint(ReflectiveMethodInvocation.java:183)
	at org.springframework.aop.framework.ReflectiveMethodInvocation.proceed(ReflectiveMethodInvocation.java:150)
	at org.springframework.transaction.interceptor.TransactionInterceptor.invoke(TransactionInterceptor.java:110)
	at org.springframework.aop.framework.ReflectiveMethodInvocation.proceed(ReflectiveMethodInvocation.java:172)
	at org.springframework.aop.framework.JdkDynamicAopProxy.invoke(JdkDynamicAopProxy.java:202)
	at com.sun.proxy.$Proxy12.run(Unknown Source)
	at claro.com.pe.incontrato.MainClass.launch(MainClass.java:77)
	at claro.com.pe.incontrato.MainClass.main(MainClass.java:39)
Caused by: org.springframework.jdbc.BadSqlGrammarException: CallableStatementCallback; bad SQL grammar [{call TIM.PKG_MOTPROM_PROCES_TRANS.PROMSS_DESA_CAMBIO_PAGOPUNTUAL(?, ?, ?)}]; nested exception is java.sql.SQLException: ORA-06550: line 1, column 7:
PLS-00306: wrong number or types of arguments in call to 'PROMSS_DESA_CAMBIO_PAGOPUNTUAL'
ORA-06550: line 1, column 7:
PL/SQL: Statement ignored

	at org.springframework.jdbc.support.SQLStateSQLExceptionTranslator.doTranslate(SQLStateSQLExceptionTranslator.java:98)
	at org.springframework.jdbc.support.AbstractFallbackSQLExceptionTranslator.translate(AbstractFallbackSQLExceptionTranslator.java:72)
	at org.springframework.jdbc.support.AbstractFallbackSQLExceptionTranslator.translate(AbstractFallbackSQLExceptionTranslator.java:80)
	at org.springframework.jdbc.core.JdbcTemplate.execute(JdbcTemplate.java:1030)
	at org.springframework.jdbc.core.JdbcTemplate.call(JdbcTemplate.java:1064)
	at org.springframework.jdbc.core.simple.AbstractJdbcCall.executeCallInternal(AbstractJdbcCall.java:388)
	at org.springframework.jdbc.core.simple.AbstractJdbcCall.doExecute(AbstractJdbcCall.java:351)
	at org.springframework.jdbc.core.simple.SimpleJdbcCall.execute(SimpleJdbcCall.java:181)
	at claro.com.pe.incontrato.dao.MotorPromDAOImpl.obtenerCambioFacturacion(MotorPromDAOImpl.java:95)
	... 15 more
Caused by: java.sql.SQLException: ORA-06550: line 1, column 7:
PLS-00306: wrong number or types of arguments in call to 'PROMSS_DESA_CAMBIO_PAGOPUNTUAL'
ORA-06550: line 1, column 7:
PL/SQL: Statement ignored

	at oracle.jdbc.driver.SQLStateMapping.newSQLException(SQLStateMapping.java:70)
	at oracle.jdbc.driver.DatabaseError.newSQLException(DatabaseError.java:112)
	at oracle.jdbc.driver.DatabaseError.throwSqlException(DatabaseError.java:173)
	at oracle.jdbc.driver.T4CTTIoer.processError(T4CTTIoer.java:455)
	at oracle.jdbc.driver.T4CTTIoer.processError(T4CTTIoer.java:413)
	at oracle.jdbc.driver.T4C8Oall.receive(T4C8Oall.java:1030)
	at oracle.jdbc.driver.T4CCallableStatement.doOall8(T4CCallableStatement.java:191)
	at oracle.jdbc.driver.T4CCallableStatement.executeForRows(T4CCallableStatement.java:944)
	at oracle.jdbc.driver.OracleStatement.doExecuteWithTimeout(OracleStatement.java:1222)
	at oracle.jdbc.driver.OraclePreparedStatement.executeInternal(OraclePreparedStatement.java:3381)
	at oracle.jdbc.driver.OraclePreparedStatement.execute(OraclePreparedStatement.java:3482)
	at oracle.jdbc.driver.OracleCallableStatement.execute(OracleCallableStatement.java:3856)
	at oracle.jdbc.driver.OraclePreparedStatementWrapper.execute(OraclePreparedStatementWrapper.java:1373)
	at org.springframework.jdbc.core.JdbcTemplate$6.doInCallableStatement(JdbcTemplate.java:1066)
	at org.springframework.jdbc.core.JdbcTemplate$6.doInCallableStatement(JdbcTemplate.java:1)
	at org.springframework.jdbc.core.JdbcTemplate.execute(JdbcTemplate.java:1014)
	... 20 more
[INFO ] [2019-05-09 12:22:01] (MainServiceImpl:121) - 20190509122159[Fin de metodo: run]
[INFO ] [2019-05-09 12:22:01] (MainServiceImpl:43) - 20190509122159[se procede  al Reintento :]1
[INFO ] [2019-05-09 12:22:01] (MainServiceImpl:83) - 20190509122159INICIO  : Desactivacion por Incumplimiento Pago
[INFO ] [2019-05-09 12:22:01] (MotorPromDAOImpl:50) - 20190509122159[obtener Cambio Plan Ciclo Facturacion] [INICIO] - METODO: obtener Cambio Plan Ciclo Facturacion
[INFO ] [2019-05-09 12:22:01] (MotorPromDAOImpl:64) - 20190509122159 Se establecio conexion con la BD BSCS
[INFO ] [2019-05-09 12:22:01] (MotorPromDAOImpl:65) - 20190509122159 Consultando a la BD: BSCS.Detalle: tim
[INFO ] [2019-05-09 12:22:01] (MotorPromDAOImpl:66) - 20190509122159 SP a ejecutar: [pkg_motprom_proces_trans.promss_desa_cambio_pagopuntual]
[INFO ] [2019-05-09 12:22:01] (MotorPromDAOImpl:67) - 20190509122159 Ejecutando SP 
[INFO ] [2019-05-09 12:22:01] (MotorPromDAOImpl:68) - 20190509122159 [INPUT] 
[ERROR] [2019-05-09 12:22:01] (MotorPromDAOImpl:119) - 20190509122159-2
[INFO ] [2019-05-09 12:22:01] (MotorPromDAOImpl:124) - 20190509122159 - Fin del método registrar- Tiempo total de proceso : 8 milisegundos.
[ERROR] [2019-05-09 12:22:01] (MainServiceImpl:113) - 20190509122159- Error en la BD BSCS - null.pkg_motprom_proces_trans.promss_desa_cambio_pagopuntual. Error: Recurso no disponible - SP $nombre_SP - JNDI $usuario
claro.com.pe.incontrato.exception.DBException: Error: Recurso no disponible - SP $nombre_SP - JNDI $usuario
	at claro.com.pe.incontrato.dao.MotorPromDAOImpl.obtenerCambioFacturacion(MotorPromDAOImpl.java:120)
	at claro.com.pe.incontrato.service.MainServiceImpl.jecutarIncumplimientoPago(MainServiceImpl.java:85)
	at claro.com.pe.incontrato.service.MainServiceImpl.run(MainServiceImpl.java:47)
	at sun.reflect.NativeMethodAccessorImpl.invoke0(Native Method)
	at sun.reflect.NativeMethodAccessorImpl.invoke(NativeMethodAccessorImpl.java:62)
	at sun.reflect.DelegatingMethodAccessorImpl.invoke(DelegatingMethodAccessorImpl.java:43)
	at java.lang.reflect.Method.invoke(Method.java:497)
	at org.springframework.aop.support.AopUtils.invokeJoinpointUsingReflection(AopUtils.java:318)
	at org.springframework.aop.framework.ReflectiveMethodInvocation.invokeJoinpoint(ReflectiveMethodInvocation.java:183)
	at org.springframework.aop.framework.ReflectiveMethodInvocation.proceed(ReflectiveMethodInvocation.java:150)
	at org.springframework.transaction.interceptor.TransactionInterceptor.invoke(TransactionInterceptor.java:110)
	at org.springframework.aop.framework.ReflectiveMethodInvocation.proceed(ReflectiveMethodInvocation.java:172)
	at org.springframework.aop.framework.JdkDynamicAopProxy.invoke(JdkDynamicAopProxy.java:202)
	at com.sun.proxy.$Proxy12.run(Unknown Source)
	at claro.com.pe.incontrato.MainClass.launch(MainClass.java:77)
	at claro.com.pe.incontrato.MainClass.main(MainClass.java:39)
Caused by: org.springframework.jdbc.BadSqlGrammarException: CallableStatementCallback; bad SQL grammar [{call TIM.PKG_MOTPROM_PROCES_TRANS.PROMSS_DESA_CAMBIO_PAGOPUNTUAL(?, ?, ?)}]; nested exception is java.sql.SQLException: ORA-06550: line 1, column 7:
PLS-00306: wrong number or types of arguments in call to 'PROMSS_DESA_CAMBIO_PAGOPUNTUAL'
ORA-06550: line 1, column 7:
PL/SQL: Statement ignored

	at org.springframework.jdbc.support.SQLStateSQLExceptionTranslator.doTranslate(SQLStateSQLExceptionTranslator.java:98)
	at org.springframework.jdbc.support.AbstractFallbackSQLExceptionTranslator.translate(AbstractFallbackSQLExceptionTranslator.java:72)
	at org.springframework.jdbc.support.AbstractFallbackSQLExceptionTranslator.translate(AbstractFallbackSQLExceptionTranslator.java:80)
	at org.springframework.jdbc.core.JdbcTemplate.execute(JdbcTemplate.java:1030)
	at org.springframework.jdbc.core.JdbcTemplate.call(JdbcTemplate.java:1064)
	at org.springframework.jdbc.core.simple.AbstractJdbcCall.executeCallInternal(AbstractJdbcCall.java:388)
	at org.springframework.jdbc.core.simple.AbstractJdbcCall.doExecute(AbstractJdbcCall.java:351)
	at org.springframework.jdbc.core.simple.SimpleJdbcCall.execute(SimpleJdbcCall.java:181)
	at claro.com.pe.incontrato.dao.MotorPromDAOImpl.obtenerCambioFacturacion(MotorPromDAOImpl.java:95)
	... 15 more
Caused by: java.sql.SQLException: ORA-06550: line 1, column 7:
PLS-00306: wrong number or types of arguments in call to 'PROMSS_DESA_CAMBIO_PAGOPUNTUAL'
ORA-06550: line 1, column 7:
PL/SQL: Statement ignored

	at oracle.jdbc.driver.SQLStateMapping.newSQLException(SQLStateMapping.java:70)
	at oracle.jdbc.driver.DatabaseError.newSQLException(DatabaseError.java:112)
	at oracle.jdbc.driver.DatabaseError.throwSqlException(DatabaseError.java:173)
	at oracle.jdbc.driver.T4CTTIoer.processError(T4CTTIoer.java:455)
	at oracle.jdbc.driver.T4CTTIoer.processError(T4CTTIoer.java:413)
	at oracle.jdbc.driver.T4C8Oall.receive(T4C8Oall.java:1030)
	at oracle.jdbc.driver.T4CCallableStatement.doOall8(T4CCallableStatement.java:191)
	at oracle.jdbc.driver.T4CCallableStatement.executeForRows(T4CCallableStatement.java:944)
	at oracle.jdbc.driver.OracleStatement.doExecuteWithTimeout(OracleStatement.java:1222)
	at oracle.jdbc.driver.OraclePreparedStatement.executeInternal(OraclePreparedStatement.java:3381)
	at oracle.jdbc.driver.OraclePreparedStatement.execute(OraclePreparedStatement.java:3482)
	at oracle.jdbc.driver.OracleCallableStatement.execute(OracleCallableStatement.java:3856)
	at oracle.jdbc.driver.OraclePreparedStatementWrapper.execute(OraclePreparedStatementWrapper.java:1373)
	at org.springframework.jdbc.core.JdbcTemplate$6.doInCallableStatement(JdbcTemplate.java:1066)
	at org.springframework.jdbc.core.JdbcTemplate$6.doInCallableStatement(JdbcTemplate.java:1)
	at org.springframework.jdbc.core.JdbcTemplate.execute(JdbcTemplate.java:1014)
	... 20 more
[INFO ] [2019-05-09 12:22:01] (MainServiceImpl:121) - 20190509122159[Fin de metodo: run]
[INFO ] [2019-05-09 12:22:01] (MainServiceImpl:43) - 20190509122159[se procede  al Reintento :]2
[INFO ] [2019-05-09 12:22:01] (MainServiceImpl:83) - 20190509122159INICIO  : Desactivacion por Incumplimiento Pago
[INFO ] [2019-05-09 12:22:01] (MotorPromDAOImpl:50) - 20190509122159[obtener Cambio Plan Ciclo Facturacion] [INICIO] - METODO: obtener Cambio Plan Ciclo Facturacion
[INFO ] [2019-05-09 12:22:01] (MotorPromDAOImpl:64) - 20190509122159 Se establecio conexion con la BD BSCS
[INFO ] [2019-05-09 12:22:01] (MotorPromDAOImpl:65) - 20190509122159 Consultando a la BD: BSCS.Detalle: tim
[INFO ] [2019-05-09 12:22:01] (MotorPromDAOImpl:66) - 20190509122159 SP a ejecutar: [pkg_motprom_proces_trans.promss_desa_cambio_pagopuntual]
[INFO ] [2019-05-09 12:22:01] (MotorPromDAOImpl:67) - 20190509122159 Ejecutando SP 
[INFO ] [2019-05-09 12:22:01] (MotorPromDAOImpl:68) - 20190509122159 [INPUT] 
[ERROR] [2019-05-09 12:22:01] (MotorPromDAOImpl:119) - 20190509122159-2
[INFO ] [2019-05-09 12:22:01] (MotorPromDAOImpl:124) - 20190509122159 - Fin del método registrar- Tiempo total de proceso : 10 milisegundos.
[ERROR] [2019-05-09 12:22:01] (MainServiceImpl:113) - 20190509122159- Error en la BD BSCS - null.pkg_motprom_proces_trans.promss_desa_cambio_pagopuntual. Error: Recurso no disponible - SP $nombre_SP - JNDI $usuario
claro.com.pe.incontrato.exception.DBException: Error: Recurso no disponible - SP $nombre_SP - JNDI $usuario
	at claro.com.pe.incontrato.dao.MotorPromDAOImpl.obtenerCambioFacturacion(MotorPromDAOImpl.java:120)
	at claro.com.pe.incontrato.service.MainServiceImpl.jecutarIncumplimientoPago(MainServiceImpl.java:85)
	at claro.com.pe.incontrato.service.MainServiceImpl.run(MainServiceImpl.java:47)
	at sun.reflect.NativeMethodAccessorImpl.invoke0(Native Method)
	at sun.reflect.NativeMethodAccessorImpl.invoke(NativeMethodAccessorImpl.java:62)
	at sun.reflect.DelegatingMethodAccessorImpl.invoke(DelegatingMethodAccessorImpl.java:43)
	at java.lang.reflect.Method.invoke(Method.java:497)
	at org.springframework.aop.support.AopUtils.invokeJoinpointUsingReflection(AopUtils.java:318)
	at org.springframework.aop.framework.ReflectiveMethodInvocation.invokeJoinpoint(ReflectiveMethodInvocation.java:183)
	at org.springframework.aop.framework.ReflectiveMethodInvocation.proceed(ReflectiveMethodInvocation.java:150)
	at org.springframework.transaction.interceptor.TransactionInterceptor.invoke(TransactionInterceptor.java:110)
	at org.springframework.aop.framework.ReflectiveMethodInvocation.proceed(ReflectiveMethodInvocation.java:172)
	at org.springframework.aop.framework.JdkDynamicAopProxy.invoke(JdkDynamicAopProxy.java:202)
	at com.sun.proxy.$Proxy12.run(Unknown Source)
	at claro.com.pe.incontrato.MainClass.launch(MainClass.java:77)
	at claro.com.pe.incontrato.MainClass.main(MainClass.java:39)
Caused by: org.springframework.jdbc.BadSqlGrammarException: CallableStatementCallback; bad SQL grammar [{call TIM.PKG_MOTPROM_PROCES_TRANS.PROMSS_DESA_CAMBIO_PAGOPUNTUAL(?, ?, ?)}]; nested exception is java.sql.SQLException: ORA-06550: line 1, column 7:
PLS-00306: wrong number or types of arguments in call to 'PROMSS_DESA_CAMBIO_PAGOPUNTUAL'
ORA-06550: line 1, column 7:
PL/SQL: Statement ignored

	at org.springframework.jdbc.support.SQLStateSQLExceptionTranslator.doTranslate(SQLStateSQLExceptionTranslator.java:98)
	at org.springframework.jdbc.support.AbstractFallbackSQLExceptionTranslator.translate(AbstractFallbackSQLExceptionTranslator.java:72)
	at org.springframework.jdbc.support.AbstractFallbackSQLExceptionTranslator.translate(AbstractFallbackSQLExceptionTranslator.java:80)
	at org.springframework.jdbc.core.JdbcTemplate.execute(JdbcTemplate.java:1030)
	at org.springframework.jdbc.core.JdbcTemplate.call(JdbcTemplate.java:1064)
	at org.springframework.jdbc.core.simple.AbstractJdbcCall.executeCallInternal(AbstractJdbcCall.java:388)
	at org.springframework.jdbc.core.simple.AbstractJdbcCall.doExecute(AbstractJdbcCall.java:351)
	at org.springframework.jdbc.core.simple.SimpleJdbcCall.execute(SimpleJdbcCall.java:181)
	at claro.com.pe.incontrato.dao.MotorPromDAOImpl.obtenerCambioFacturacion(MotorPromDAOImpl.java:95)
	... 15 more
Caused by: java.sql.SQLException: ORA-06550: line 1, column 7:
PLS-00306: wrong number or types of arguments in call to 'PROMSS_DESA_CAMBIO_PAGOPUNTUAL'
ORA-06550: line 1, column 7:
PL/SQL: Statement ignored

	at oracle.jdbc.driver.SQLStateMapping.newSQLException(SQLStateMapping.java:70)
	at oracle.jdbc.driver.DatabaseError.newSQLException(DatabaseError.java:112)
	at oracle.jdbc.driver.DatabaseError.throwSqlException(DatabaseError.java:173)
	at oracle.jdbc.driver.T4CTTIoer.processError(T4CTTIoer.java:455)
	at oracle.jdbc.driver.T4CTTIoer.processError(T4CTTIoer.java:413)
	at oracle.jdbc.driver.T4C8Oall.receive(T4C8Oall.java:1030)
	at oracle.jdbc.driver.T4CCallableStatement.doOall8(T4CCallableStatement.java:191)
	at oracle.jdbc.driver.T4CCallableStatement.executeForRows(T4CCallableStatement.java:944)
	at oracle.jdbc.driver.OracleStatement.doExecuteWithTimeout(OracleStatement.java:1222)
	at oracle.jdbc.driver.OraclePreparedStatement.executeInternal(OraclePreparedStatement.java:3381)
	at oracle.jdbc.driver.OraclePreparedStatement.execute(OraclePreparedStatement.java:3482)
	at oracle.jdbc.driver.OracleCallableStatement.execute(OracleCallableStatement.java:3856)
	at oracle.jdbc.driver.OraclePreparedStatementWrapper.execute(OraclePreparedStatementWrapper.java:1373)
	at org.springframework.jdbc.core.JdbcTemplate$6.doInCallableStatement(JdbcTemplate.java:1066)
	at org.springframework.jdbc.core.JdbcTemplate$6.doInCallableStatement(JdbcTemplate.java:1)
	at org.springframework.jdbc.core.JdbcTemplate.execute(JdbcTemplate.java:1014)
	... 20 more
[INFO ] [2019-05-09 12:22:01] (MainServiceImpl:121) - 20190509122159[Fin de metodo: run]
[INFO ] [2019-05-09 12:22:01] (MainServiceImpl:61) - 20190509122159Error al ejecutar Transaccion
[INFO ] [2019-05-09 12:22:01] (MainServiceImpl:64) - 20190509122159[Fin - SH01_MOTPROM_ValidaDes_IncumplimientoPago ]
[ERROR] [2019-05-09 12:22:01] (MainClass:80) - [launch idTx=20190509122159]Error: java.lang.Exception: update exception.
[INFO ] [2019-05-09 12:22:01] (MainClass:83) - [launch idTx=20190509122159][FIN de metodo: launch] Tiempo total de proceso(ms): 764 milisegundos.
[INFO ] [2019-05-09 12:22:01] (MainClass:45) - [main idTx=20190509122159][ERROR: ENVIAR CORREO CON DETALLE]
[INFO ] [2019-05-09 12:22:01] (MainClass:49) - [main idTx=20190509122159][FIN de metodo: main] Tiempo total de proceso(ms): 1592 milisegundos.
[INFO ] [2019-05-09 12:22:01] (ClassPathXmlApplicationContext:1020) - Closing org.springframework.context.support.ClassPathXmlApplicationContext@4534b60d: startup date [Thu May 09 12:22:00 PET 2019]; root of context hierarchy
[INFO ] [2019-05-09 12:22:01] (DefaultListableBeanFactory:433) - Destroying singletons in org.springframework.beans.factory.support.DefaultListableBeanFactory@43814d18: defining beans [org.springframework.context.annotation.internalConfigurationAnnotationProcessor,org.springframework.context.annotation.internalAutowiredAnnotationProcessor,org.springframework.context.annotation.internalRequiredAnnotationProcessor,org.springframework.context.annotation.internalCommonAnnotationProcessor,mainClass,motorPromDAOImpl,OACDAOImpl,mainServiceImpl,propertiesExternos,util,org.springframework.context.support.PropertySourcesPlaceholderConfigurer#0,bscs,oac,transactionManager,org.springframework.aop.config.internalAutoProxyCreator,org.springframework.transaction.annotation.AnnotationTransactionAttributeSource#0,org.springframework.transaction.interceptor.TransactionInterceptor#0,org.springframework.transaction.config.internalTransactionAdvisor,org.springframework.context.annotation.ConfigurationClassPostProcessor$ImportAwareBeanPostProcessor#0]; root of factory hierarchy
Exception in thread "main" java.lang.NumberFormatException: For input string: "OK"
	at java.lang.NumberFormatException.forInputString(NumberFormatException.java:65)
	at java.lang.Integer.parseInt(Integer.java:580)
	at java.lang.Integer.parseInt(Integer.java:615)
	at claro.com.pe.incontrato.MainClass.main(MainClass.java:46)
09-05-2019 12:21:59 INFO  @ [FIN de ejecucion de la Shell - SH01_MOTPROM_Incumplimiento_Pago -][2019-05-09@12:22:01]
2019-05-09@12:22:01 INFO  @ Ruta del archivo log generado:/home/weblogicap/shells/SH01_MOTPROM_ValidaDes_IncumplimientoPago/LOG/SH01_MOTPROM_ValidaDes_IncumplimientoPago.log
*************************************************************************************************************************************
