[INFO ] [2019-03-21 20:51:02] (MainClass:63) - [loadLog4J idTx=1212122][INICIO de metodo: loadLog4J]
[INFO ] [2019-03-21 20:51:02] (MainClass:64) - [loadLog4J idTx=1212122][FIN de metodo: loadLog4J] Tiempo total de proceso(ms): 20 milisegundos.
[INFO ] [2019-03-21 20:51:02] (MainClass:40) - [main idTx=1212122][INICIO de metodo: main]
[INFO ] [2019-03-21 20:51:02] (MainClass:73) - [launch idTx=1212122][INICIO de metodo: launch]
[INFO ] [2019-03-21 20:51:03] (MainServiceImpl:49) - 1212122[INICIO - SH06_MOTPROM_ValidaDes_BajaContrato ]
[INFO ] [2019-03-21 20:51:03] (MainServiceImpl:93) - 1212122INICIO  por : Desactivacion Por Baja de Contrato
[INFO ] [2019-03-21 20:51:03] (MotorPromDAOImpl:49) - 1212122[obtener Bonos Por Baja Contrato] [INICIO] - METODO: obtener Bonos Por Baja Contrato
[INFO ] [2019-03-21 20:51:03] (MotorPromDAOImpl:63) - 1212122 Se establecio conexion con la BD BSCS
[INFO ] [2019-03-21 20:51:03] (MotorPromDAOImpl:64) - 1212122 Consultando a la BD: BSCS.Detalle: tim
[INFO ] [2019-03-21 20:51:03] (MotorPromDAOImpl:65) - 1212122 SP a ejecutar: [pkg_motprom_proces_trans.promss_desa_baja_contrato21]
[INFO ] [2019-03-21 20:51:03] (MotorPromDAOImpl:66) - 1212122 Ejecutando SP 
[INFO ] [2019-03-21 20:51:03] (MotorPromDAOImpl:67) - 1212122 [INPUT] 
[INFO ] [2019-03-21 20:51:03] (MotorPromDAOImpl:68) - 1212122 [pi_fec_proc]= [25/02/2019]
[INFO ] [2019-03-21 20:51:03] (MotorPromDAOImpl:69) - 1212122 [pi_dias]= [0]
[INFO ] [2019-03-21 20:51:03] (XmlBeanDefinitionReader:315) - Loading XML bean definitions from class path resource [org/springframework/jdbc/support/sql-error-codes.xml]
[INFO ] [2019-03-21 20:51:03] (SQLErrorCodesFactory:126) - SQLErrorCodes loaded: [DB2, Derby, H2, HSQL, Informix, MS-SQL, MySQL, Oracle, PostgreSQL, Sybase]
[ERROR] [2019-03-21 20:51:03] (MotorPromDAOImpl:126) - 1212122-2
[INFO ] [2019-03-21 20:51:03] (MotorPromDAOImpl:131) - 1212122 - Fin  - Tiempo total de proceso : 137 milisegundos.
[ERROR] [2019-03-21 20:51:03] (MainServiceImpl:134) - 1212122- Error en la BD BSCS - null.pkg_motprom_proces_trans.promss_desa_baja_contrato21. Error: Recurso no disponible - SP $nombre_SP - JNDI $usuario
claro.com.pe.bajacontrato.exception.DBException: Error: Recurso no disponible - SP $nombre_SP - JNDI $usuario
	at claro.com.pe.bajacontrato.dao.MotorPromDAOImpl.obtenerBonosPorBajaContrato(MotorPromDAOImpl.java:127)
	at claro.com.pe.bajacontrato.service.MainServiceImpl.descativaPorBajaContrato(MainServiceImpl.java:95)
	at claro.com.pe.bajacontrato.service.MainServiceImpl.run(MainServiceImpl.java:58)
	at sun.reflect.NativeMethodAccessorImpl.invoke0(Native Method)
	at sun.reflect.NativeMethodAccessorImpl.invoke(NativeMethodAccessorImpl.java:62)
	at sun.reflect.DelegatingMethodAccessorImpl.invoke(DelegatingMethodAccessorImpl.java:43)
	at java.lang.reflect.Method.invoke(Method.java:497)
	at org.springframework.aop.support.AopUtils.invokeJoinpointUsingReflection(AopUtils.java:318)
	at org.springframework.aop.framework.ReflectiveMethodInvocation.invokeJoinpoint(ReflectiveMethodInvocation.java:183)
	at org.springframework.aop.framework.ReflectiveMethodInvocation.proceed(ReflectiveMethodInvocation.java:150)
	at org.springframework.transaction.interceptor.TransactionInterceptor.invoke(TransactionInterceptor.java:110)
	at org.springframework.aop.framework.ReflectiveMethodInvocation.proceed(ReflectiveMethodInvocation.java:172)
	at org.springframework.aop.framework.JdkDynamicAopProxy.invoke(JdkDynamicAopProxy.java:202)
	at com.sun.proxy.$Proxy12.run(Unknown Source)
	at claro.com.pe.bajacontrato.MainClass.launch(MainClass.java:76)
	at claro.com.pe.bajacontrato.MainClass.main(MainClass.java:41)
Caused by: org.springframework.jdbc.BadSqlGrammarException: CallableStatementCallback; bad SQL grammar [{call TIM.PKG_MOTPROM_PROCES_TRANS.PROMSS_DESA_BAJA_CONTRATO21(?, ?, ?, ?, ?)}]; nested exception is java.sql.SQLException: ORA-06550: línea 1, columna 36:
PLS-00302: el componente 'PROMSS_DESA_BAJA_CONTRATO21' se debe declarar
ORA-06550: línea 1, columna 7:
PL/SQL: Statement ignored

	at org.springframework.jdbc.support.SQLStateSQLExceptionTranslator.doTranslate(SQLStateSQLExceptionTranslator.java:98)
	at org.springframework.jdbc.support.AbstractFallbackSQLExceptionTranslator.translate(AbstractFallbackSQLExceptionTranslator.java:72)
	at org.springframework.jdbc.support.AbstractFallbackSQLExceptionTranslator.translate(AbstractFallbackSQLExceptionTranslator.java:80)
	at org.springframework.jdbc.core.JdbcTemplate.execute(JdbcTemplate.java:1030)
	at org.springframework.jdbc.core.JdbcTemplate.call(JdbcTemplate.java:1064)
	at org.springframework.jdbc.core.simple.AbstractJdbcCall.executeCallInternal(AbstractJdbcCall.java:388)
	at org.springframework.jdbc.core.simple.AbstractJdbcCall.doExecute(AbstractJdbcCall.java:351)
	at org.springframework.jdbc.core.simple.SimpleJdbcCall.execute(SimpleJdbcCall.java:181)
	at claro.com.pe.bajacontrato.dao.MotorPromDAOImpl.obtenerBonosPorBajaContrato(MotorPromDAOImpl.java:101)
	... 15 more
Caused by: java.sql.SQLException: ORA-06550: línea 1, columna 36:
PLS-00302: el componente 'PROMSS_DESA_BAJA_CONTRATO21' se debe declarar
ORA-06550: línea 1, columna 7:
PL/SQL: Statement ignored

	at oracle.jdbc.driver.SQLStateMapping.newSQLException(SQLStateMapping.java:70)
	at oracle.jdbc.driver.DatabaseError.newSQLException(DatabaseError.java:112)
	at oracle.jdbc.driver.DatabaseError.throwSqlException(DatabaseError.java:173)
	at oracle.jdbc.driver.T4CTTIoer.processError(T4CTTIoer.java:455)
	at oracle.jdbc.driver.T4CTTIoer.processError(T4CTTIoer.java:413)
	at oracle.jdbc.driver.T4C8Oall.receive(T4C8Oall.java:1030)
	at oracle.jdbc.driver.T4CCallableStatement.doOall8(T4CCallableStatement.java:191)
	at oracle.jdbc.driver.T4CCallableStatement.executeForRows(T4CCallableStatement.java:944)
	at oracle.jdbc.driver.OracleStatement.doExecuteWithTimeout(OracleStatement.java:1222)
	at oracle.jdbc.driver.OraclePreparedStatement.executeInternal(OraclePreparedStatement.java:3381)
	at oracle.jdbc.driver.OraclePreparedStatement.execute(OraclePreparedStatement.java:3482)
	at oracle.jdbc.driver.OracleCallableStatement.execute(OracleCallableStatement.java:3856)
	at oracle.jdbc.driver.OraclePreparedStatementWrapper.execute(OraclePreparedStatementWrapper.java:1373)
	at org.springframework.jdbc.core.JdbcTemplate$6.doInCallableStatement(JdbcTemplate.java:1066)
	at org.springframework.jdbc.core.JdbcTemplate$6.doInCallableStatement(JdbcTemplate.java:1)
	at org.springframework.jdbc.core.JdbcTemplate.execute(JdbcTemplate.java:1014)
	... 20 more
[INFO ] [2019-03-21 20:51:03] (MainServiceImpl:142) - 1212122[Fin de metodo: run]
[INFO ] [2019-03-21 20:51:03] (MainServiceImpl:54) - 1212122[se procede  al Reintento :]1
[INFO ] [2019-03-21 20:51:03] (MainServiceImpl:93) - 1212122INICIO  por : Desactivacion Por Baja de Contrato
[INFO ] [2019-03-21 20:51:03] (MotorPromDAOImpl:49) - 1212122[obtener Bonos Por Baja Contrato] [INICIO] - METODO: obtener Bonos Por Baja Contrato
[INFO ] [2019-03-21 20:51:03] (MotorPromDAOImpl:63) - 1212122 Se establecio conexion con la BD BSCS
[INFO ] [2019-03-21 20:51:03] (MotorPromDAOImpl:64) - 1212122 Consultando a la BD: BSCS.Detalle: tim
[INFO ] [2019-03-21 20:51:03] (MotorPromDAOImpl:65) - 1212122 SP a ejecutar: [pkg_motprom_proces_trans.promss_desa_baja_contrato21]
[INFO ] [2019-03-21 20:51:03] (MotorPromDAOImpl:66) - 1212122 Ejecutando SP 
[INFO ] [2019-03-21 20:51:03] (MotorPromDAOImpl:67) - 1212122 [INPUT] 
[INFO ] [2019-03-21 20:51:03] (MotorPromDAOImpl:68) - 1212122 [pi_fec_proc]= [25/02/2019]
[INFO ] [2019-03-21 20:51:03] (MotorPromDAOImpl:69) - 1212122 [pi_dias]= [0]
[ERROR] [2019-03-21 20:51:03] (MotorPromDAOImpl:126) - 1212122-2
[INFO ] [2019-03-21 20:51:03] (MotorPromDAOImpl:131) - 1212122 - Fin  - Tiempo total de proceso : 14 milisegundos.
[ERROR] [2019-03-21 20:51:03] (MainServiceImpl:134) - 1212122- Error en la BD BSCS - null.pkg_motprom_proces_trans.promss_desa_baja_contrato21. Error: Recurso no disponible - SP $nombre_SP - JNDI $usuario
claro.com.pe.bajacontrato.exception.DBException: Error: Recurso no disponible - SP $nombre_SP - JNDI $usuario
	at claro.com.pe.bajacontrato.dao.MotorPromDAOImpl.obtenerBonosPorBajaContrato(MotorPromDAOImpl.java:127)
	at claro.com.pe.bajacontrato.service.MainServiceImpl.descativaPorBajaContrato(MainServiceImpl.java:95)
	at claro.com.pe.bajacontrato.service.MainServiceImpl.run(MainServiceImpl.java:58)
	at sun.reflect.NativeMethodAccessorImpl.invoke0(Native Method)
	at sun.reflect.NativeMethodAccessorImpl.invoke(NativeMethodAccessorImpl.java:62)
	at sun.reflect.DelegatingMethodAccessorImpl.invoke(DelegatingMethodAccessorImpl.java:43)
	at java.lang.reflect.Method.invoke(Method.java:497)
	at org.springframework.aop.support.AopUtils.invokeJoinpointUsingReflection(AopUtils.java:318)
	at org.springframework.aop.framework.ReflectiveMethodInvocation.invokeJoinpoint(ReflectiveMethodInvocation.java:183)
	at org.springframework.aop.framework.ReflectiveMethodInvocation.proceed(ReflectiveMethodInvocation.java:150)
	at org.springframework.transaction.interceptor.TransactionInterceptor.invoke(TransactionInterceptor.java:110)
	at org.springframework.aop.framework.ReflectiveMethodInvocation.proceed(ReflectiveMethodInvocation.java:172)
	at org.springframework.aop.framework.JdkDynamicAopProxy.invoke(JdkDynamicAopProxy.java:202)
	at com.sun.proxy.$Proxy12.run(Unknown Source)
	at claro.com.pe.bajacontrato.MainClass.launch(MainClass.java:76)
	at claro.com.pe.bajacontrato.MainClass.main(MainClass.java:41)
Caused by: org.springframework.jdbc.BadSqlGrammarException: CallableStatementCallback; bad SQL grammar [{call TIM.PKG_MOTPROM_PROCES_TRANS.PROMSS_DESA_BAJA_CONTRATO21(?, ?, ?, ?, ?)}]; nested exception is java.sql.SQLException: ORA-06550: línea 1, columna 36:
PLS-00302: el componente 'PROMSS_DESA_BAJA_CONTRATO21' se debe declarar
ORA-06550: línea 1, columna 7:
PL/SQL: Statement ignored

	at org.springframework.jdbc.support.SQLStateSQLExceptionTranslator.doTranslate(SQLStateSQLExceptionTranslator.java:98)
	at org.springframework.jdbc.support.AbstractFallbackSQLExceptionTranslator.translate(AbstractFallbackSQLExceptionTranslator.java:72)
	at org.springframework.jdbc.support.AbstractFallbackSQLExceptionTranslator.translate(AbstractFallbackSQLExceptionTranslator.java:80)
	at org.springframework.jdbc.core.JdbcTemplate.execute(JdbcTemplate.java:1030)
	at org.springframework.jdbc.core.JdbcTemplate.call(JdbcTemplate.java:1064)
	at org.springframework.jdbc.core.simple.AbstractJdbcCall.executeCallInternal(AbstractJdbcCall.java:388)
	at org.springframework.jdbc.core.simple.AbstractJdbcCall.doExecute(AbstractJdbcCall.java:351)
	at org.springframework.jdbc.core.simple.SimpleJdbcCall.execute(SimpleJdbcCall.java:181)
	at claro.com.pe.bajacontrato.dao.MotorPromDAOImpl.obtenerBonosPorBajaContrato(MotorPromDAOImpl.java:101)
	... 15 more
Caused by: java.sql.SQLException: ORA-06550: línea 1, columna 36:
PLS-00302: el componente 'PROMSS_DESA_BAJA_CONTRATO21' se debe declarar
ORA-06550: línea 1, columna 7:
PL/SQL: Statement ignored

	at oracle.jdbc.driver.SQLStateMapping.newSQLException(SQLStateMapping.java:70)
	at oracle.jdbc.driver.DatabaseError.newSQLException(DatabaseError.java:112)
	at oracle.jdbc.driver.DatabaseError.throwSqlException(DatabaseError.java:173)
	at oracle.jdbc.driver.T4CTTIoer.processError(T4CTTIoer.java:455)
	at oracle.jdbc.driver.T4CTTIoer.processError(T4CTTIoer.java:413)
	at oracle.jdbc.driver.T4C8Oall.receive(T4C8Oall.java:1030)
	at oracle.jdbc.driver.T4CCallableStatement.doOall8(T4CCallableStatement.java:191)
	at oracle.jdbc.driver.T4CCallableStatement.executeForRows(T4CCallableStatement.java:944)
	at oracle.jdbc.driver.OracleStatement.doExecuteWithTimeout(OracleStatement.java:1222)
	at oracle.jdbc.driver.OraclePreparedStatement.executeInternal(OraclePreparedStatement.java:3381)
	at oracle.jdbc.driver.OraclePreparedStatement.execute(OraclePreparedStatement.java:3482)
	at oracle.jdbc.driver.OracleCallableStatement.execute(OracleCallableStatement.java:3856)
	at oracle.jdbc.driver.OraclePreparedStatementWrapper.execute(OraclePreparedStatementWrapper.java:1373)
	at org.springframework.jdbc.core.JdbcTemplate$6.doInCallableStatement(JdbcTemplate.java:1066)
	at org.springframework.jdbc.core.JdbcTemplate$6.doInCallableStatement(JdbcTemplate.java:1)
	at org.springframework.jdbc.core.JdbcTemplate.execute(JdbcTemplate.java:1014)
	... 20 more
[INFO ] [2019-03-21 20:51:03] (MainServiceImpl:142) - 1212122[Fin de metodo: run]
[INFO ] [2019-03-21 20:51:03] (MainServiceImpl:54) - 1212122[se procede  al Reintento :]2
[INFO ] [2019-03-21 20:51:03] (MainServiceImpl:93) - 1212122INICIO  por : Desactivacion Por Baja de Contrato
[INFO ] [2019-03-21 20:51:03] (MotorPromDAOImpl:49) - 1212122[obtener Bonos Por Baja Contrato] [INICIO] - METODO: obtener Bonos Por Baja Contrato
[INFO ] [2019-03-21 20:51:03] (MotorPromDAOImpl:63) - 1212122 Se establecio conexion con la BD BSCS
[INFO ] [2019-03-21 20:51:03] (MotorPromDAOImpl:64) - 1212122 Consultando a la BD: BSCS.Detalle: tim
[INFO ] [2019-03-21 20:51:03] (MotorPromDAOImpl:65) - 1212122 SP a ejecutar: [pkg_motprom_proces_trans.promss_desa_baja_contrato21]
[INFO ] [2019-03-21 20:51:03] (MotorPromDAOImpl:66) - 1212122 Ejecutando SP 
[INFO ] [2019-03-21 20:51:03] (MotorPromDAOImpl:67) - 1212122 [INPUT] 
[INFO ] [2019-03-21 20:51:03] (MotorPromDAOImpl:68) - 1212122 [pi_fec_proc]= [25/02/2019]
[INFO ] [2019-03-21 20:51:03] (MotorPromDAOImpl:69) - 1212122 [pi_dias]= [0]
[ERROR] [2019-03-21 20:51:03] (MotorPromDAOImpl:126) - 1212122-2
[INFO ] [2019-03-21 20:51:03] (MotorPromDAOImpl:131) - 1212122 - Fin  - Tiempo total de proceso : 17 milisegundos.
[ERROR] [2019-03-21 20:51:03] (MainServiceImpl:134) - 1212122- Error en la BD BSCS - null.pkg_motprom_proces_trans.promss_desa_baja_contrato21. Error: Recurso no disponible - SP $nombre_SP - JNDI $usuario
claro.com.pe.bajacontrato.exception.DBException: Error: Recurso no disponible - SP $nombre_SP - JNDI $usuario
	at claro.com.pe.bajacontrato.dao.MotorPromDAOImpl.obtenerBonosPorBajaContrato(MotorPromDAOImpl.java:127)
	at claro.com.pe.bajacontrato.service.MainServiceImpl.descativaPorBajaContrato(MainServiceImpl.java:95)
	at claro.com.pe.bajacontrato.service.MainServiceImpl.run(MainServiceImpl.java:58)
	at sun.reflect.NativeMethodAccessorImpl.invoke0(Native Method)
	at sun.reflect.NativeMethodAccessorImpl.invoke(NativeMethodAccessorImpl.java:62)
	at sun.reflect.DelegatingMethodAccessorImpl.invoke(DelegatingMethodAccessorImpl.java:43)
	at java.lang.reflect.Method.invoke(Method.java:497)
	at org.springframework.aop.support.AopUtils.invokeJoinpointUsingReflection(AopUtils.java:318)
	at org.springframework.aop.framework.ReflectiveMethodInvocation.invokeJoinpoint(ReflectiveMethodInvocation.java:183)
	at org.springframework.aop.framework.ReflectiveMethodInvocation.proceed(ReflectiveMethodInvocation.java:150)
	at org.springframework.transaction.interceptor.TransactionInterceptor.invoke(TransactionInterceptor.java:110)
	at org.springframework.aop.framework.ReflectiveMethodInvocation.proceed(ReflectiveMethodInvocation.java:172)
	at org.springframework.aop.framework.JdkDynamicAopProxy.invoke(JdkDynamicAopProxy.java:202)
	at com.sun.proxy.$Proxy12.run(Unknown Source)
	at claro.com.pe.bajacontrato.MainClass.launch(MainClass.java:76)
	at claro.com.pe.bajacontrato.MainClass.main(MainClass.java:41)
Caused by: org.springframework.jdbc.BadSqlGrammarException: CallableStatementCallback; bad SQL grammar [{call TIM.PKG_MOTPROM_PROCES_TRANS.PROMSS_DESA_BAJA_CONTRATO21(?, ?, ?, ?, ?)}]; nested exception is java.sql.SQLException: ORA-06550: línea 1, columna 36:
PLS-00302: el componente 'PROMSS_DESA_BAJA_CONTRATO21' se debe declarar
ORA-06550: línea 1, columna 7:
PL/SQL: Statement ignored

	at org.springframework.jdbc.support.SQLStateSQLExceptionTranslator.doTranslate(SQLStateSQLExceptionTranslator.java:98)
	at org.springframework.jdbc.support.AbstractFallbackSQLExceptionTranslator.translate(AbstractFallbackSQLExceptionTranslator.java:72)
	at org.springframework.jdbc.support.AbstractFallbackSQLExceptionTranslator.translate(AbstractFallbackSQLExceptionTranslator.java:80)
	at org.springframework.jdbc.core.JdbcTemplate.execute(JdbcTemplate.java:1030)
	at org.springframework.jdbc.core.JdbcTemplate.call(JdbcTemplate.java:1064)
	at org.springframework.jdbc.core.simple.AbstractJdbcCall.executeCallInternal(AbstractJdbcCall.java:388)
	at org.springframework.jdbc.core.simple.AbstractJdbcCall.doExecute(AbstractJdbcCall.java:351)
	at org.springframework.jdbc.core.simple.SimpleJdbcCall.execute(SimpleJdbcCall.java:181)
	at claro.com.pe.bajacontrato.dao.MotorPromDAOImpl.obtenerBonosPorBajaContrato(MotorPromDAOImpl.java:101)
	... 15 more
Caused by: java.sql.SQLException: ORA-06550: línea 1, columna 36:
PLS-00302: el componente 'PROMSS_DESA_BAJA_CONTRATO21' se debe declarar
ORA-06550: línea 1, columna 7:
PL/SQL: Statement ignored

	at oracle.jdbc.driver.SQLStateMapping.newSQLException(SQLStateMapping.java:70)
	at oracle.jdbc.driver.DatabaseError.newSQLException(DatabaseError.java:112)
	at oracle.jdbc.driver.DatabaseError.throwSqlException(DatabaseError.java:173)
	at oracle.jdbc.driver.T4CTTIoer.processError(T4CTTIoer.java:455)
	at oracle.jdbc.driver.T4CTTIoer.processError(T4CTTIoer.java:413)
	at oracle.jdbc.driver.T4C8Oall.receive(T4C8Oall.java:1030)
	at oracle.jdbc.driver.T4CCallableStatement.doOall8(T4CCallableStatement.java:191)
	at oracle.jdbc.driver.T4CCallableStatement.executeForRows(T4CCallableStatement.java:944)
	at oracle.jdbc.driver.OracleStatement.doExecuteWithTimeout(OracleStatement.java:1222)
	at oracle.jdbc.driver.OraclePreparedStatement.executeInternal(OraclePreparedStatement.java:3381)
	at oracle.jdbc.driver.OraclePreparedStatement.execute(OraclePreparedStatement.java:3482)
	at oracle.jdbc.driver.OracleCallableStatement.execute(OracleCallableStatement.java:3856)
	at oracle.jdbc.driver.OraclePreparedStatementWrapper.execute(OraclePreparedStatementWrapper.java:1373)
	at org.springframework.jdbc.core.JdbcTemplate$6.doInCallableStatement(JdbcTemplate.java:1066)
	at org.springframework.jdbc.core.JdbcTemplate$6.doInCallableStatement(JdbcTemplate.java:1)
	at org.springframework.jdbc.core.JdbcTemplate.execute(JdbcTemplate.java:1014)
	... 20 more
[INFO ] [2019-03-21 20:51:03] (MainServiceImpl:142) - 1212122[Fin de metodo: run]
[INFO ] [2019-03-21 20:51:03] (MainServiceImpl:72) - 1212122Error al ejecutar Transaccion
[INFO ] [2019-03-21 20:51:03] (MainServiceImpl:75) - 1212122[Fin - SH06_MOTPROM_ValidaDes_BajaContrato ]
[ERROR] [2019-03-21 20:51:03] (MainClass:78) - [launch idTx=1212122]Error: java.lang.Exception: update exception.
[INFO ] [2019-03-21 20:51:03] (MainClass:81) - [launch idTx=1212122][FIN de metodo: launch] Tiempo total de proceso(ms): 854 milisegundos.
[INFO ] [2019-03-21 20:51:03] (MainClass:48) - [main idTx=1212122][FIN de metodo: main] Tiempo total de proceso(ms): 1492 milisegundos.
[INFO ] [2019-03-21 20:51:03] (ClassPathXmlApplicationContext:1020) - Closing org.springframework.context.support.ClassPathXmlApplicationContext@4bf558aa: startup date [Thu Mar 21 20:51:02 COT 2019]; root of context hierarchy
[INFO ] [2019-03-21 20:51:03] (DefaultListableBeanFactory:433) - Destroying singletons in org.springframework.beans.factory.support.DefaultListableBeanFactory@2286778: defining beans [org.springframework.context.annotation.internalConfigurationAnnotationProcessor,org.springframework.context.annotation.internalAutowiredAnnotationProcessor,org.springframework.context.annotation.internalRequiredAnnotationProcessor,org.springframework.context.annotation.internalCommonAnnotationProcessor,INTCOP0223ClientImpl,motorPromDAOImpl,mainClass,mainServiceImpl,EAIUtil,propertiesExternos,util,org.springframework.context.support.PropertySourcesPlaceholderConfigurer#0,bscs,transactionManager,org.springframework.aop.config.internalAutoProxyCreator,org.springframework.transaction.annotation.AnnotationTransactionAttributeSource#0,org.springframework.transaction.interceptor.TransactionInterceptor#0,org.springframework.transaction.config.internalTransactionAdvisor,org.springframework.context.annotation.ConfigurationClassPostProcessor$ImportAwareBeanPostProcessor#0]; root of factory hierarchy
