[INFO ] [2019-05-20 12:34:02] (MainClass:67) - [loadLog4J idTx=14725836988][INICIO de metodo: loadLog4J]
[INFO ] [2019-05-20 12:34:02] (MainClass:68) - [loadLog4J idTx=14725836988][FIN de metodo: loadLog4J] Tiempo total de proceso(ms): 35 milisegundos.
[INFO ] [2019-05-20 12:34:02] (MainClass:39) - [main idTx=14725836988][INICIO de metodo: main]
[INFO ] [2019-05-20 12:34:02] (MainClass:77) - [launch idTx=14725836988][INICIO de metodo: launch]
[INFO ] [2019-05-20 12:34:03] (MainServiceImpl:63) - 14725836988[INICIO - SH06_MOTPROM_EvaluaBono_ReCalculo ]
[INFO ] [2019-05-20 12:34:03] (MainServiceImpl:103) - 14725836988INICIO  :  Carga Cambio Plan
[INFO ] [2019-05-20 12:34:03] (MainServiceImpl:105) - 14725836988 BSCSC Evalua
[INFO ] [2019-05-20 12:34:03] (MotorPromDAOImpl:64) - 14725836988[obtener Cambio plan Replica] [INICIO] - METODO: obtener Cambio plan Replica
[INFO ] [2019-05-20 12:34:03] (MotorPromDAOImpl:78) - 14725836988 Se establecio conexion con la BD BSCS
[INFO ] [2019-05-20 12:34:03] (MotorPromDAOImpl:79) - 14725836988 Consultando a la BD: BSCS.Detalle: tim
[INFO ] [2019-05-20 12:34:03] (MotorPromDAOImpl:80) - 14725836988 SP a ejecutar: [pkg_motprom_proces_transbk.promss_dnnum_maxfamilia]
[INFO ] [2019-05-20 12:34:03] (MotorPromDAOImpl:81) - 14725836988 Ejecutando SP 
[INFO ] [2019-05-20 12:34:03] (MotorPromDAOImpl:132) - 14725836988 Se ejecuto exitosamente el SP
[INFO ] [2019-05-20 12:34:03] (MotorPromDAOImpl:133) - 14725836988 [OUTPUT]: 
[INFO ] [2019-05-20 12:34:03] (MotorPromDAOImpl:134) - 14725836988 [po_cod_err] = 0
[INFO ] [2019-05-20 12:34:03] (MotorPromDAOImpl:135) - 14725836988 [po_des_err] = OK
[INFO ] [2019-05-20 12:34:03] (MotorPromDAOImpl:142) - 14725836988 [SIZE LIST] = 5
[INFO ] [2019-05-20 12:34:03] (MotorPromDAOImpl:161) - 14725836988 - Fin del método Obtener- Tiempo total de proceso : 200 milisegundos.
[INFO ] [2019-05-20 12:34:03] (MainServiceImpl:111) - 14725836988 SIZE INICIO LIST :5
[INFO ] [2019-05-20 12:34:03] (MainServiceImpl:117) - 14725836988 ************ ITERACCION ******** :0
[INFO ] [2019-05-20 12:34:03] (MainServiceImpl:122) - 14725836988 ---------------------------------------------:0
[INFO ] [2019-05-20 12:34:03] (MainServiceImpl:122) - 14725836988 ---------------------------------------------:1
[INFO ] [2019-05-20 12:34:03] (MainServiceImpl:759) -  datos BSCS obtenidos a Recalcular  ======= Inicia Invocacion  INT-COP-0223 ======
[INFO ] [2019-05-20 12:34:03] (INTCOP0223ClientImpl:49) -  datos BSCS obtenidos a Recalcular [retrieveSubscriptions] [INICIO] - WS: http://mdp3728:8084/?WSDL
[INFO ] [2019-05-20 12:34:03] (INTCOP0223ClientImpl:50) -  datos BSCS obtenidos a Recalcular [retrieveSubscriptions] [INICIO] - METODO: retrieveSubscriptions
[INFO ] [2019-05-20 12:34:05] (JAXBUtilitarios:24) - Inicializando jaxcontext... para la clase pe.com.claro.esb.data.commonbusinessentities.clarogenericheaders.v2.HeaderRequest
[INFO ] [2019-05-20 12:34:05] (JAXBUtilitarios:24) - Inicializando jaxcontext... para la clase pe.com.claro.generic.messageformat.v1.HeaderRequestType
[INFO ] [2019-05-20 12:34:05] (JAXBUtilitarios:24) - Inicializando jaxcontext... para la clase pe.com.claro.esb.message.bssagreementmanagement.retrievesubscriptions.v2.RetrieveSubscriptionsRequestType
[INFO ] [2019-05-20 12:34:06] (INTCOP0223ClientImpl:100) -  datos BSCS obtenidos a Recalcular 
 Datos de [REQUEST]:
<pe.com.claro.esb.data.commonbusinessentities.clarogenericheaders.v2.HeaderRequest xmlns:ns2="http://claro.com.pe/esb/data/commonBusinessEntities/claroGenericHeaders/v2/">
  <ns2:channel>CAC</ns2:channel>
  <ns2:idApplication>SAP</ns2:idApplication>
  <ns2:userApplication>E_USR_01</ns2:userApplication>
  <ns2:userSession>E_USR_01</ns2:userSession>
  <ns2:idESBTransaction>14725836988</ns2:idESBTransaction>
  <ns2:idBusinessTransaction>14725836988</ns2:idBusinessTransaction>
  <ns2:startDate>2019-05-20T12:34:05.178-05:00</ns2:startDate>
</pe.com.claro.esb.data.commonbusinessentities.clarogenericheaders.v2.HeaderRequest>
<pe.com.claro.generic.messageformat.v1.HeaderRequestType>
  <country>PE</country>
  <language>ESbssAgreementManagement.</language>
  <consumer>TLF-</consumer>
  <system>USSD</system>
  <modulo>USSD</modulo>
  <pid>14725836988</pid>
  <userId>USRUSSD</userId>
  <dispositivo>USSD</dispositivo>
  <wsIp>172.19.74.222</wsIp>
  <operation>bsscustomermanagement</operation>
  <timestamp>2019-05-20T12:34:05.178-05:00</timestamp>
  <msgType>?</msgType>
</pe.com.claro.generic.messageformat.v1.HeaderRequestType>
<pe.com.claro.esb.message.bssagreementmanagement.retrievesubscriptions.v2.RetrieveSubscriptionsRequestType>
  <_customer>
    <_customerAccount>
      <_partyRole>
        <_partyRoleProductOffering>
          <_agreementItem>
            <_agreement>
              <ID>CONTR0000002776</ID>
            </_agreement>
          </_agreementItem>
        </_partyRoleProductOffering>
      </_partyRole>
    </_customerAccount>
  </_customer>
</pe.com.claro.esb.message.bssagreementmanagement.retrievesubscriptions.v2.RetrieveSubscriptionsRequestType>
[INFO ] [2019-05-20 12:34:06] (BssAgreementManagementClientHandler:55) - Agregando credenciales de autenticacion en el Header...
[INFO ] [2019-05-20 12:34:06] (BssAgreementManagementClientHandler:71) - Credenciales de autenticacion agregadas. Se continua con la invocacion
[ERROR] [2019-05-20 12:34:07] (INTCOP0223ClientImpl:108) -  datos BSCS obtenidos a Recalcular [retrieveSubscriptions] ERROR: [Exception] 1com.sun.xml.internal.ws.client.ClientTransportException: Error de transporte HTTP: java.net.ConnectException: Connection refused: connect
	at com.sun.xml.internal.ws.transport.http.client.HttpClientTransport.getOutput(HttpClientTransport.java:117)
	at com.sun.xml.internal.ws.transport.http.client.HttpTransportPipe.process(HttpTransportPipe.java:208)
	at com.sun.xml.internal.ws.transport.http.client.HttpTransportPipe.processRequest(HttpTransportPipe.java:130)
	at com.sun.xml.internal.ws.transport.DeferredTransportPipe.processRequest(DeferredTransportPipe.java:124)
	at com.sun.xml.internal.ws.api.pipe.Fiber.__doRun(Fiber.java:1121)
	at com.sun.xml.internal.ws.api.pipe.Fiber._doRun(Fiber.java:1035)
	at com.sun.xml.internal.ws.api.pipe.Fiber.doRun(Fiber.java:1004)
	at com.sun.xml.internal.ws.api.pipe.Fiber.runSync(Fiber.java:862)
	at com.sun.xml.internal.ws.client.Stub.process(Stub.java:448)
	at com.sun.xml.internal.ws.client.sei.SEIStub.doProcess(SEIStub.java:178)
	at com.sun.xml.internal.ws.client.sei.SyncMethodHandler.invoke(SyncMethodHandler.java:93)
	at com.sun.xml.internal.ws.client.sei.SyncMethodHandler.invoke(SyncMethodHandler.java:77)
	at com.sun.xml.internal.ws.client.sei.SEIStub.invoke(SEIStub.java:147)
	at com.sun.proxy.$Proxy44.retrieveSubscriptions(Unknown Source)
	at claro.com.pe.evalua.bono.recalculo.client.INTCOP0223ClientImpl.retrieveSubscriptionsResponse(INTCOP0223ClientImpl.java:105)
	at claro.com.pe.evalua.bono.recalculo.service.MainServiceImpl.retrieveSubscriptions(MainServiceImpl.java:796)
	at claro.com.pe.evalua.bono.recalculo.service.MainServiceImpl.reintento(MainServiceImpl.java:583)
	at claro.com.pe.evalua.bono.recalculo.service.MainServiceImpl.reCalcularEvaluacionSP(MainServiceImpl.java:136)
	at claro.com.pe.evalua.bono.recalculo.service.MainServiceImpl.runRecalcular(MainServiceImpl.java:72)
	at sun.reflect.NativeMethodAccessorImpl.invoke0(Native Method)
	at sun.reflect.NativeMethodAccessorImpl.invoke(NativeMethodAccessorImpl.java:62)
	at sun.reflect.DelegatingMethodAccessorImpl.invoke(DelegatingMethodAccessorImpl.java:43)
	at java.lang.reflect.Method.invoke(Method.java:497)
	at org.springframework.aop.support.AopUtils.invokeJoinpointUsingReflection(AopUtils.java:318)
	at org.springframework.aop.framework.ReflectiveMethodInvocation.invokeJoinpoint(ReflectiveMethodInvocation.java:183)
	at org.springframework.aop.framework.ReflectiveMethodInvocation.proceed(ReflectiveMethodInvocation.java:150)
	at org.springframework.transaction.interceptor.TransactionInterceptor.invoke(TransactionInterceptor.java:110)
	at org.springframework.aop.framework.ReflectiveMethodInvocation.proceed(ReflectiveMethodInvocation.java:172)
	at org.springframework.aop.framework.JdkDynamicAopProxy.invoke(JdkDynamicAopProxy.java:202)
	at com.sun.proxy.$Proxy12.runRecalcular(Unknown Source)
	at claro.com.pe.evalua.bono.recalculo.MainClass.launch(MainClass.java:80)
	at claro.com.pe.evalua.bono.recalculo.MainClass.main(MainClass.java:40)
Caused by: java.net.ConnectException: Connection refused: connect
	at java.net.DualStackPlainSocketImpl.waitForConnect(Native Method)
	at java.net.DualStackPlainSocketImpl.socketConnect(DualStackPlainSocketImpl.java:85)
	at java.net.AbstractPlainSocketImpl.doConnect(AbstractPlainSocketImpl.java:350)
	at java.net.AbstractPlainSocketImpl.connectToAddress(AbstractPlainSocketImpl.java:206)
	at java.net.AbstractPlainSocketImpl.connect(AbstractPlainSocketImpl.java:188)
	at java.net.PlainSocketImpl.connect(PlainSocketImpl.java:172)
	at java.net.SocksSocketImpl.connect(SocksSocketImpl.java:392)
	at java.net.Socket.connect(Socket.java:589)
	at sun.net.NetworkClient.doConnect(NetworkClient.java:175)
	at sun.net.www.http.HttpClient.openServer(HttpClient.java:432)
	at sun.net.www.http.HttpClient.openServer(HttpClient.java:527)
	at sun.net.www.http.HttpClient.<init>(HttpClient.java:211)
	at sun.net.www.http.HttpClient.New(HttpClient.java:308)
	at sun.net.www.http.HttpClient.New(HttpClient.java:326)
	at sun.net.www.protocol.http.HttpURLConnection.getNewHttpClient(HttpURLConnection.java:1168)
	at sun.net.www.protocol.http.HttpURLConnection.plainConnect0(HttpURLConnection.java:1147)
	at sun.net.www.protocol.http.HttpURLConnection.plainConnect(HttpURLConnection.java:998)
	at sun.net.www.protocol.http.HttpURLConnection.connect(HttpURLConnection.java:932)
	at sun.net.www.protocol.http.HttpURLConnection.getOutputStream0(HttpURLConnection.java:1282)
	at sun.net.www.protocol.http.HttpURLConnection.getOutputStream(HttpURLConnection.java:1257)
	at com.sun.xml.internal.ws.transport.http.client.HttpClientTransport.getOutput(HttpClientTransport.java:104)
	... 31 more

[ERROR] [2019-05-20 12:34:07] (INTCOP0223ClientImpl:116) -  datos BSCS obtenidos a Recalcular ERROR[Exception]: Se produjo una excepcion al ejecutar WS http://mdp3728:8084/?WSDL
[INFO ] [2019-05-20 12:34:07] (INTCOP0223ClientImpl:120) -  datos BSCS obtenidos a Recalcular [retrieveSubscriptions] [FIN] - METODO: retrieveSubscriptions
[INFO ] [2019-05-20 12:34:07] (INTCOP0223ClientImpl:121) -  datos BSCS obtenidos a Recalcular [retrieveSubscriptions]  ::FIN - TiempoEjecucion(ms): 3838.0
[ERROR] [2019-05-20 12:34:07] (MainServiceImpl:883) -  datos BSCS obtenidos a Recalcular  ======= Error Invocacion INT-COP-0223 ======com.sun.xml.internal.ws.client.ClientTransportException: Error de transporte HTTP: java.net.ConnectException: Connection refused: connect
[ERROR] [2019-05-20 12:34:07] (MainServiceImpl:884) -  datos BSCS obtenidos a Recalcular  ======= Error Invocacion INT-COP-0223 ======Error: Recurso no disponible - WS 'INT-COP-0223 - Metodo 'retrieveSubscriptions'
[ERROR] [2019-05-20 12:34:07] (MainServiceImpl:589) - 14725836988[Error: Interface :]Insert exception
[INFO ] [2019-05-20 12:34:07] (MainServiceImpl:570) - 14725836988[se procede  al Reintento :]1
[INFO ] [2019-05-20 12:34:07] (MainServiceImpl:759) -  datos BSCS obtenidos a Recalcular  ======= Inicia Invocacion  INT-COP-0223 ======
[INFO ] [2019-05-20 12:34:07] (INTCOP0223ClientImpl:49) -  datos BSCS obtenidos a Recalcular [retrieveSubscriptions] [INICIO] - WS: http://mdp3728:8084/?WSDL
[INFO ] [2019-05-20 12:34:07] (INTCOP0223ClientImpl:50) -  datos BSCS obtenidos a Recalcular [retrieveSubscriptions] [INICIO] - METODO: retrieveSubscriptions
[INFO ] [2019-05-20 12:34:08] (INTCOP0223ClientImpl:100) -  datos BSCS obtenidos a Recalcular 
 Datos de [REQUEST]:
<pe.com.claro.esb.data.commonbusinessentities.clarogenericheaders.v2.HeaderRequest xmlns:ns2="http://claro.com.pe/esb/data/commonBusinessEntities/claroGenericHeaders/v2/">
  <ns2:channel>CAC</ns2:channel>
  <ns2:idApplication>SAP</ns2:idApplication>
  <ns2:userApplication>E_USR_01</ns2:userApplication>
  <ns2:userSession>E_USR_01</ns2:userSession>
  <ns2:idESBTransaction>14725836988</ns2:idESBTransaction>
  <ns2:idBusinessTransaction>14725836988</ns2:idBusinessTransaction>
  <ns2:startDate>2019-05-20T12:34:08.532-05:00</ns2:startDate>
</pe.com.claro.esb.data.commonbusinessentities.clarogenericheaders.v2.HeaderRequest>
<pe.com.claro.generic.messageformat.v1.HeaderRequestType>
  <country>PE</country>
  <language>ESbssAgreementManagement.</language>
  <consumer>TLF-</consumer>
  <system>USSD</system>
  <modulo>USSD</modulo>
  <pid>14725836988</pid>
  <userId>USRUSSD</userId>
  <dispositivo>USSD</dispositivo>
  <wsIp>172.19.74.222</wsIp>
  <operation>bsscustomermanagement</operation>
  <timestamp>2019-05-20T12:34:08.532-05:00</timestamp>
  <msgType>?</msgType>
</pe.com.claro.generic.messageformat.v1.HeaderRequestType>
<pe.com.claro.esb.message.bssagreementmanagement.retrievesubscriptions.v2.RetrieveSubscriptionsRequestType>
  <_customer>
    <_customerAccount>
      <_partyRole>
        <_partyRoleProductOffering>
          <_agreementItem>
            <_agreement>
              <ID>CONTR0000002776</ID>
            </_agreement>
          </_agreementItem>
        </_partyRoleProductOffering>
      </_partyRole>
    </_customerAccount>
  </_customer>
</pe.com.claro.esb.message.bssagreementmanagement.retrievesubscriptions.v2.RetrieveSubscriptionsRequestType>
[INFO ] [2019-05-20 12:34:08] (BssAgreementManagementClientHandler:55) - Agregando credenciales de autenticacion en el Header...
[INFO ] [2019-05-20 12:34:08] (BssAgreementManagementClientHandler:71) - Credenciales de autenticacion agregadas. Se continua con la invocacion
[ERROR] [2019-05-20 12:34:09] (INTCOP0223ClientImpl:108) -  datos BSCS obtenidos a Recalcular [retrieveSubscriptions] ERROR: [Exception] 1com.sun.xml.internal.ws.client.ClientTransportException: Error de transporte HTTP: java.net.ConnectException: Connection refused: connect
	at com.sun.xml.internal.ws.transport.http.client.HttpClientTransport.getOutput(HttpClientTransport.java:117)
	at com.sun.xml.internal.ws.transport.http.client.HttpTransportPipe.process(HttpTransportPipe.java:208)
	at com.sun.xml.internal.ws.transport.http.client.HttpTransportPipe.processRequest(HttpTransportPipe.java:130)
	at com.sun.xml.internal.ws.transport.DeferredTransportPipe.processRequest(DeferredTransportPipe.java:124)
	at com.sun.xml.internal.ws.api.pipe.Fiber.__doRun(Fiber.java:1121)
	at com.sun.xml.internal.ws.api.pipe.Fiber._doRun(Fiber.java:1035)
	at com.sun.xml.internal.ws.api.pipe.Fiber.doRun(Fiber.java:1004)
	at com.sun.xml.internal.ws.api.pipe.Fiber.runSync(Fiber.java:862)
	at com.sun.xml.internal.ws.client.Stub.process(Stub.java:448)
	at com.sun.xml.internal.ws.client.sei.SEIStub.doProcess(SEIStub.java:178)
	at com.sun.xml.internal.ws.client.sei.SyncMethodHandler.invoke(SyncMethodHandler.java:93)
	at com.sun.xml.internal.ws.client.sei.SyncMethodHandler.invoke(SyncMethodHandler.java:77)
	at com.sun.xml.internal.ws.client.sei.SEIStub.invoke(SEIStub.java:147)
	at com.sun.proxy.$Proxy44.retrieveSubscriptions(Unknown Source)
	at claro.com.pe.evalua.bono.recalculo.client.INTCOP0223ClientImpl.retrieveSubscriptionsResponse(INTCOP0223ClientImpl.java:105)
	at claro.com.pe.evalua.bono.recalculo.service.MainServiceImpl.retrieveSubscriptions(MainServiceImpl.java:796)
	at claro.com.pe.evalua.bono.recalculo.service.MainServiceImpl.reintento(MainServiceImpl.java:583)
	at claro.com.pe.evalua.bono.recalculo.service.MainServiceImpl.reCalcularEvaluacionSP(MainServiceImpl.java:136)
	at claro.com.pe.evalua.bono.recalculo.service.MainServiceImpl.runRecalcular(MainServiceImpl.java:72)
	at sun.reflect.NativeMethodAccessorImpl.invoke0(Native Method)
	at sun.reflect.NativeMethodAccessorImpl.invoke(NativeMethodAccessorImpl.java:62)
	at sun.reflect.DelegatingMethodAccessorImpl.invoke(DelegatingMethodAccessorImpl.java:43)
	at java.lang.reflect.Method.invoke(Method.java:497)
	at org.springframework.aop.support.AopUtils.invokeJoinpointUsingReflection(AopUtils.java:318)
	at org.springframework.aop.framework.ReflectiveMethodInvocation.invokeJoinpoint(ReflectiveMethodInvocation.java:183)
	at org.springframework.aop.framework.ReflectiveMethodInvocation.proceed(ReflectiveMethodInvocation.java:150)
	at org.springframework.transaction.interceptor.TransactionInterceptor.invoke(TransactionInterceptor.java:110)
	at org.springframework.aop.framework.ReflectiveMethodInvocation.proceed(ReflectiveMethodInvocation.java:172)
	at org.springframework.aop.framework.JdkDynamicAopProxy.invoke(JdkDynamicAopProxy.java:202)
	at com.sun.proxy.$Proxy12.runRecalcular(Unknown Source)
	at claro.com.pe.evalua.bono.recalculo.MainClass.launch(MainClass.java:80)
	at claro.com.pe.evalua.bono.recalculo.MainClass.main(MainClass.java:40)
Caused by: java.net.ConnectException: Connection refused: connect
	at java.net.DualStackPlainSocketImpl.waitForConnect(Native Method)
	at java.net.DualStackPlainSocketImpl.socketConnect(DualStackPlainSocketImpl.java:85)
	at java.net.AbstractPlainSocketImpl.doConnect(AbstractPlainSocketImpl.java:350)
	at java.net.AbstractPlainSocketImpl.connectToAddress(AbstractPlainSocketImpl.java:206)
	at java.net.AbstractPlainSocketImpl.connect(AbstractPlainSocketImpl.java:188)
	at java.net.PlainSocketImpl.connect(PlainSocketImpl.java:172)
	at java.net.SocksSocketImpl.connect(SocksSocketImpl.java:392)
	at java.net.Socket.connect(Socket.java:589)
	at sun.net.NetworkClient.doConnect(NetworkClient.java:175)
	at sun.net.www.http.HttpClient.openServer(HttpClient.java:432)
	at sun.net.www.http.HttpClient.openServer(HttpClient.java:527)
	at sun.net.www.http.HttpClient.<init>(HttpClient.java:211)
	at sun.net.www.http.HttpClient.New(HttpClient.java:308)
	at sun.net.www.http.HttpClient.New(HttpClient.java:326)
	at sun.net.www.protocol.http.HttpURLConnection.getNewHttpClient(HttpURLConnection.java:1168)
	at sun.net.www.protocol.http.HttpURLConnection.plainConnect0(HttpURLConnection.java:1147)
	at sun.net.www.protocol.http.HttpURLConnection.plainConnect(HttpURLConnection.java:998)
	at sun.net.www.protocol.http.HttpURLConnection.connect(HttpURLConnection.java:932)
	at sun.net.www.protocol.http.HttpURLConnection.getOutputStream0(HttpURLConnection.java:1282)
	at sun.net.www.protocol.http.HttpURLConnection.getOutputStream(HttpURLConnection.java:1257)
	at com.sun.xml.internal.ws.transport.http.client.HttpClientTransport.getOutput(HttpClientTransport.java:104)
	... 31 more

[ERROR] [2019-05-20 12:34:09] (INTCOP0223ClientImpl:116) -  datos BSCS obtenidos a Recalcular ERROR[Exception]: Se produjo una excepcion al ejecutar WS http://mdp3728:8084/?WSDL
[INFO ] [2019-05-20 12:34:09] (INTCOP0223ClientImpl:120) -  datos BSCS obtenidos a Recalcular [retrieveSubscriptions] [FIN] - METODO: retrieveSubscriptions
[INFO ] [2019-05-20 12:34:09] (INTCOP0223ClientImpl:121) -  datos BSCS obtenidos a Recalcular [retrieveSubscriptions]  ::FIN - TiempoEjecucion(ms): 2179.0
[ERROR] [2019-05-20 12:34:09] (MainServiceImpl:883) -  datos BSCS obtenidos a Recalcular  ======= Error Invocacion INT-COP-0223 ======com.sun.xml.internal.ws.client.ClientTransportException: Error de transporte HTTP: java.net.ConnectException: Connection refused: connect
[ERROR] [2019-05-20 12:34:09] (MainServiceImpl:884) -  datos BSCS obtenidos a Recalcular  ======= Error Invocacion INT-COP-0223 ======Error: Recurso no disponible - WS 'INT-COP-0223 - Metodo 'retrieveSubscriptions'
[ERROR] [2019-05-20 12:34:09] (MainServiceImpl:589) - 14725836988[Error: Interface :]Insert exception
[INFO ] [2019-05-20 12:34:09] (MainServiceImpl:570) - 14725836988[se procede  al Reintento :]2
[INFO ] [2019-05-20 12:34:09] (MainServiceImpl:759) -  datos BSCS obtenidos a Recalcular  ======= Inicia Invocacion  INT-COP-0223 ======
[INFO ] [2019-05-20 12:34:09] (INTCOP0223ClientImpl:49) -  datos BSCS obtenidos a Recalcular [retrieveSubscriptions] [INICIO] - WS: http://mdp3728:8084/?WSDL
[INFO ] [2019-05-20 12:34:09] (INTCOP0223ClientImpl:50) -  datos BSCS obtenidos a Recalcular [retrieveSubscriptions] [INICIO] - METODO: retrieveSubscriptions
[INFO ] [2019-05-20 12:34:10] (INTCOP0223ClientImpl:100) -  datos BSCS obtenidos a Recalcular 
 Datos de [REQUEST]:
<pe.com.claro.esb.data.commonbusinessentities.clarogenericheaders.v2.HeaderRequest xmlns:ns2="http://claro.com.pe/esb/data/commonBusinessEntities/claroGenericHeaders/v2/">
  <ns2:channel>CAC</ns2:channel>
  <ns2:idApplication>SAP</ns2:idApplication>
  <ns2:userApplication>E_USR_01</ns2:userApplication>
  <ns2:userSession>E_USR_01</ns2:userSession>
  <ns2:idESBTransaction>14725836988</ns2:idESBTransaction>
  <ns2:idBusinessTransaction>14725836988</ns2:idBusinessTransaction>
  <ns2:startDate>2019-05-20T12:34:10.638-05:00</ns2:startDate>
</pe.com.claro.esb.data.commonbusinessentities.clarogenericheaders.v2.HeaderRequest>
<pe.com.claro.generic.messageformat.v1.HeaderRequestType>
  <country>PE</country>
  <language>ESbssAgreementManagement.</language>
  <consumer>TLF-</consumer>
  <system>USSD</system>
  <modulo>USSD</modulo>
  <pid>14725836988</pid>
  <userId>USRUSSD</userId>
  <dispositivo>USSD</dispositivo>
  <wsIp>172.19.74.222</wsIp>
  <operation>bsscustomermanagement</operation>
  <timestamp>2019-05-20T12:34:10.638-05:00</timestamp>
  <msgType>?</msgType>
</pe.com.claro.generic.messageformat.v1.HeaderRequestType>
<pe.com.claro.esb.message.bssagreementmanagement.retrievesubscriptions.v2.RetrieveSubscriptionsRequestType>
  <_customer>
    <_customerAccount>
      <_partyRole>
        <_partyRoleProductOffering>
          <_agreementItem>
            <_agreement>
              <ID>CONTR0000002776</ID>
            </_agreement>
          </_agreementItem>
        </_partyRoleProductOffering>
      </_partyRole>
    </_customerAccount>
  </_customer>
</pe.com.claro.esb.message.bssagreementmanagement.retrievesubscriptions.v2.RetrieveSubscriptionsRequestType>
[INFO ] [2019-05-20 12:34:10] (BssAgreementManagementClientHandler:55) - Agregando credenciales de autenticacion en el Header...
[INFO ] [2019-05-20 12:34:10] (BssAgreementManagementClientHandler:71) - Credenciales de autenticacion agregadas. Se continua con la invocacion
[ERROR] [2019-05-20 12:34:11] (INTCOP0223ClientImpl:108) -  datos BSCS obtenidos a Recalcular [retrieveSubscriptions] ERROR: [Exception] 1com.sun.xml.internal.ws.client.ClientTransportException: Error de transporte HTTP: java.net.ConnectException: Connection refused: connect
	at com.sun.xml.internal.ws.transport.http.client.HttpClientTransport.getOutput(HttpClientTransport.java:117)
	at com.sun.xml.internal.ws.transport.http.client.HttpTransportPipe.process(HttpTransportPipe.java:208)
	at com.sun.xml.internal.ws.transport.http.client.HttpTransportPipe.processRequest(HttpTransportPipe.java:130)
	at com.sun.xml.internal.ws.transport.DeferredTransportPipe.processRequest(DeferredTransportPipe.java:124)
	at com.sun.xml.internal.ws.api.pipe.Fiber.__doRun(Fiber.java:1121)
	at com.sun.xml.internal.ws.api.pipe.Fiber._doRun(Fiber.java:1035)
	at com.sun.xml.internal.ws.api.pipe.Fiber.doRun(Fiber.java:1004)
	at com.sun.xml.internal.ws.api.pipe.Fiber.runSync(Fiber.java:862)
	at com.sun.xml.internal.ws.client.Stub.process(Stub.java:448)
	at com.sun.xml.internal.ws.client.sei.SEIStub.doProcess(SEIStub.java:178)
	at com.sun.xml.internal.ws.client.sei.SyncMethodHandler.invoke(SyncMethodHandler.java:93)
	at com.sun.xml.internal.ws.client.sei.SyncMethodHandler.invoke(SyncMethodHandler.java:77)
	at com.sun.xml.internal.ws.client.sei.SEIStub.invoke(SEIStub.java:147)
	at com.sun.proxy.$Proxy44.retrieveSubscriptions(Unknown Source)
	at claro.com.pe.evalua.bono.recalculo.client.INTCOP0223ClientImpl.retrieveSubscriptionsResponse(INTCOP0223ClientImpl.java:105)
	at claro.com.pe.evalua.bono.recalculo.service.MainServiceImpl.retrieveSubscriptions(MainServiceImpl.java:796)
	at claro.com.pe.evalua.bono.recalculo.service.MainServiceImpl.reintento(MainServiceImpl.java:583)
	at claro.com.pe.evalua.bono.recalculo.service.MainServiceImpl.reCalcularEvaluacionSP(MainServiceImpl.java:136)
	at claro.com.pe.evalua.bono.recalculo.service.MainServiceImpl.runRecalcular(MainServiceImpl.java:72)
	at sun.reflect.NativeMethodAccessorImpl.invoke0(Native Method)
	at sun.reflect.NativeMethodAccessorImpl.invoke(NativeMethodAccessorImpl.java:62)
	at sun.reflect.DelegatingMethodAccessorImpl.invoke(DelegatingMethodAccessorImpl.java:43)
	at java.lang.reflect.Method.invoke(Method.java:497)
	at org.springframework.aop.support.AopUtils.invokeJoinpointUsingReflection(AopUtils.java:318)
	at org.springframework.aop.framework.ReflectiveMethodInvocation.invokeJoinpoint(ReflectiveMethodInvocation.java:183)
	at org.springframework.aop.framework.ReflectiveMethodInvocation.proceed(ReflectiveMethodInvocation.java:150)
	at org.springframework.transaction.interceptor.TransactionInterceptor.invoke(TransactionInterceptor.java:110)
	at org.springframework.aop.framework.ReflectiveMethodInvocation.proceed(ReflectiveMethodInvocation.java:172)
	at org.springframework.aop.framework.JdkDynamicAopProxy.invoke(JdkDynamicAopProxy.java:202)
	at com.sun.proxy.$Proxy12.runRecalcular(Unknown Source)
	at claro.com.pe.evalua.bono.recalculo.MainClass.launch(MainClass.java:80)
	at claro.com.pe.evalua.bono.recalculo.MainClass.main(MainClass.java:40)
Caused by: java.net.ConnectException: Connection refused: connect
	at java.net.DualStackPlainSocketImpl.waitForConnect(Native Method)
	at java.net.DualStackPlainSocketImpl.socketConnect(DualStackPlainSocketImpl.java:85)
	at java.net.AbstractPlainSocketImpl.doConnect(AbstractPlainSocketImpl.java:350)
	at java.net.AbstractPlainSocketImpl.connectToAddress(AbstractPlainSocketImpl.java:206)
	at java.net.AbstractPlainSocketImpl.connect(AbstractPlainSocketImpl.java:188)
	at java.net.PlainSocketImpl.connect(PlainSocketImpl.java:172)
	at java.net.SocksSocketImpl.connect(SocksSocketImpl.java:392)
	at java.net.Socket.connect(Socket.java:589)
	at sun.net.NetworkClient.doConnect(NetworkClient.java:175)
	at sun.net.www.http.HttpClient.openServer(HttpClient.java:432)
	at sun.net.www.http.HttpClient.openServer(HttpClient.java:527)
	at sun.net.www.http.HttpClient.<init>(HttpClient.java:211)
	at sun.net.www.http.HttpClient.New(HttpClient.java:308)
	at sun.net.www.http.HttpClient.New(HttpClient.java:326)
	at sun.net.www.protocol.http.HttpURLConnection.getNewHttpClient(HttpURLConnection.java:1168)
	at sun.net.www.protocol.http.HttpURLConnection.plainConnect0(HttpURLConnection.java:1147)
	at sun.net.www.protocol.http.HttpURLConnection.plainConnect(HttpURLConnection.java:998)
	at sun.net.www.protocol.http.HttpURLConnection.connect(HttpURLConnection.java:932)
	at sun.net.www.protocol.http.HttpURLConnection.getOutputStream0(HttpURLConnection.java:1282)
	at sun.net.www.protocol.http.HttpURLConnection.getOutputStream(HttpURLConnection.java:1257)
	at com.sun.xml.internal.ws.transport.http.client.HttpClientTransport.getOutput(HttpClientTransport.java:104)
	... 31 more

[ERROR] [2019-05-20 12:34:11] (INTCOP0223ClientImpl:116) -  datos BSCS obtenidos a Recalcular ERROR[Exception]: Se produjo una excepcion al ejecutar WS http://mdp3728:8084/?WSDL
[INFO ] [2019-05-20 12:34:11] (INTCOP0223ClientImpl:120) -  datos BSCS obtenidos a Recalcular [retrieveSubscriptions] [FIN] - METODO: retrieveSubscriptions
[INFO ] [2019-05-20 12:34:11] (INTCOP0223ClientImpl:121) -  datos BSCS obtenidos a Recalcular [retrieveSubscriptions]  ::FIN - TiempoEjecucion(ms): 2107.0
[ERROR] [2019-05-20 12:34:11] (MainServiceImpl:883) -  datos BSCS obtenidos a Recalcular  ======= Error Invocacion INT-COP-0223 ======com.sun.xml.internal.ws.client.ClientTransportException: Error de transporte HTTP: java.net.ConnectException: Connection refused: connect
[ERROR] [2019-05-20 12:34:11] (MainServiceImpl:884) -  datos BSCS obtenidos a Recalcular  ======= Error Invocacion INT-COP-0223 ======Error: Recurso no disponible - WS 'INT-COP-0223 - Metodo 'retrieveSubscriptions'
[ERROR] [2019-05-20 12:34:11] (MainServiceImpl:589) - 14725836988[Error: Interface :]Insert exception
[ERROR] [2019-05-20 12:34:11] (MainServiceImpl:419) - 14725836988Error Interno: null
java.lang.NullPointerException
	at claro.com.pe.evalua.bono.recalculo.service.MainServiceImpl.reCalcularEvaluacionSP(MainServiceImpl.java:137)
	at claro.com.pe.evalua.bono.recalculo.service.MainServiceImpl.runRecalcular(MainServiceImpl.java:72)
	at sun.reflect.NativeMethodAccessorImpl.invoke0(Native Method)
	at sun.reflect.NativeMethodAccessorImpl.invoke(NativeMethodAccessorImpl.java:62)
	at sun.reflect.DelegatingMethodAccessorImpl.invoke(DelegatingMethodAccessorImpl.java:43)
	at java.lang.reflect.Method.invoke(Method.java:497)
	at org.springframework.aop.support.AopUtils.invokeJoinpointUsingReflection(AopUtils.java:318)
	at org.springframework.aop.framework.ReflectiveMethodInvocation.invokeJoinpoint(ReflectiveMethodInvocation.java:183)
	at org.springframework.aop.framework.ReflectiveMethodInvocation.proceed(ReflectiveMethodInvocation.java:150)
	at org.springframework.transaction.interceptor.TransactionInterceptor.invoke(TransactionInterceptor.java:110)
	at org.springframework.aop.framework.ReflectiveMethodInvocation.proceed(ReflectiveMethodInvocation.java:172)
	at org.springframework.aop.framework.JdkDynamicAopProxy.invoke(JdkDynamicAopProxy.java:202)
	at com.sun.proxy.$Proxy12.runRecalcular(Unknown Source)
	at claro.com.pe.evalua.bono.recalculo.MainClass.launch(MainClass.java:80)
	at claro.com.pe.evalua.bono.recalculo.MainClass.main(MainClass.java:40)
[INFO ] [2019-05-20 12:34:11] (MainServiceImpl:423) - 14725836988[Fin de metodo: run]
[INFO ] [2019-05-20 12:34:11] (MainServiceImpl:68) - 14725836988[se procede  al Reintento :]1
[INFO ] [2019-05-20 12:34:11] (MainServiceImpl:103) - 14725836988INICIO  :  Carga Cambio Plan
[INFO ] [2019-05-20 12:34:11] (MainServiceImpl:105) - 14725836988 BSCSC Evalua
[INFO ] [2019-05-20 12:34:11] (MotorPromDAOImpl:64) - 14725836988[obtener Cambio plan Replica] [INICIO] - METODO: obtener Cambio plan Replica
[INFO ] [2019-05-20 12:34:11] (MotorPromDAOImpl:78) - 14725836988 Se establecio conexion con la BD BSCS
[INFO ] [2019-05-20 12:34:11] (MotorPromDAOImpl:79) - 14725836988 Consultando a la BD: BSCS.Detalle: tim
[INFO ] [2019-05-20 12:34:11] (MotorPromDAOImpl:80) - 14725836988 SP a ejecutar: [pkg_motprom_proces_transbk.promss_dnnum_maxfamilia]
[INFO ] [2019-05-20 12:34:11] (MotorPromDAOImpl:81) - 14725836988 Ejecutando SP 
[INFO ] [2019-05-20 12:34:11] (MotorPromDAOImpl:132) - 14725836988 Se ejecuto exitosamente el SP
[INFO ] [2019-05-20 12:34:11] (MotorPromDAOImpl:133) - 14725836988 [OUTPUT]: 
[INFO ] [2019-05-20 12:34:11] (MotorPromDAOImpl:134) - 14725836988 [po_cod_err] = 0
[INFO ] [2019-05-20 12:34:11] (MotorPromDAOImpl:135) - 14725836988 [po_des_err] = OK
[INFO ] [2019-05-20 12:34:11] (MotorPromDAOImpl:142) - 14725836988 [SIZE LIST] = 5
[INFO ] [2019-05-20 12:34:11] (MotorPromDAOImpl:161) - 14725836988 - Fin del método Obtener- Tiempo total de proceso : 24 milisegundos.
[INFO ] [2019-05-20 12:34:11] (MainServiceImpl:111) - 14725836988 SIZE INICIO LIST :5
[INFO ] [2019-05-20 12:34:11] (MainServiceImpl:117) - 14725836988 ************ ITERACCION ******** :0
[INFO ] [2019-05-20 12:34:11] (MainServiceImpl:122) - 14725836988 ---------------------------------------------:0
[INFO ] [2019-05-20 12:34:11] (MainServiceImpl:122) - 14725836988 ---------------------------------------------:1
[INFO ] [2019-05-20 12:34:11] (MainServiceImpl:759) -  datos BSCS obtenidos a Recalcular  ======= Inicia Invocacion  INT-COP-0223 ======
[INFO ] [2019-05-20 12:34:11] (INTCOP0223ClientImpl:49) -  datos BSCS obtenidos a Recalcular [retrieveSubscriptions] [INICIO] - WS: http://mdp3728:8084/?WSDL
[INFO ] [2019-05-20 12:34:11] (INTCOP0223ClientImpl:50) -  datos BSCS obtenidos a Recalcular [retrieveSubscriptions] [INICIO] - METODO: retrieveSubscriptions
[INFO ] [2019-05-20 12:34:12] (INTCOP0223ClientImpl:100) -  datos BSCS obtenidos a Recalcular 
 Datos de [REQUEST]:
<pe.com.claro.esb.data.commonbusinessentities.clarogenericheaders.v2.HeaderRequest xmlns:ns2="http://claro.com.pe/esb/data/commonBusinessEntities/claroGenericHeaders/v2/">
  <ns2:channel>CAC</ns2:channel>
  <ns2:idApplication>SAP</ns2:idApplication>
  <ns2:userApplication>E_USR_01</ns2:userApplication>
  <ns2:userSession>E_USR_01</ns2:userSession>
  <ns2:idESBTransaction>14725836988</ns2:idESBTransaction>
  <ns2:idBusinessTransaction>14725836988</ns2:idBusinessTransaction>
  <ns2:startDate>2019-05-20T12:34:12.679-05:00</ns2:startDate>
</pe.com.claro.esb.data.commonbusinessentities.clarogenericheaders.v2.HeaderRequest>
<pe.com.claro.generic.messageformat.v1.HeaderRequestType>
  <country>PE</country>
  <language>ESbssAgreementManagement.</language>
  <consumer>TLF-</consumer>
  <system>USSD</system>
  <modulo>USSD</modulo>
  <pid>14725836988</pid>
  <userId>USRUSSD</userId>
  <dispositivo>USSD</dispositivo>
  <wsIp>172.19.74.222</wsIp>
  <operation>bsscustomermanagement</operation>
  <timestamp>2019-05-20T12:34:12.679-05:00</timestamp>
  <msgType>?</msgType>
</pe.com.claro.generic.messageformat.v1.HeaderRequestType>
<pe.com.claro.esb.message.bssagreementmanagement.retrievesubscriptions.v2.RetrieveSubscriptionsRequestType>
  <_customer>
    <_customerAccount>
      <_partyRole>
        <_partyRoleProductOffering>
          <_agreementItem>
            <_agreement>
              <ID>CONTR0000002776</ID>
            </_agreement>
          </_agreementItem>
        </_partyRoleProductOffering>
      </_partyRole>
    </_customerAccount>
  </_customer>
</pe.com.claro.esb.message.bssagreementmanagement.retrievesubscriptions.v2.RetrieveSubscriptionsRequestType>
[INFO ] [2019-05-20 12:34:12] (BssAgreementManagementClientHandler:55) - Agregando credenciales de autenticacion en el Header...
[INFO ] [2019-05-20 12:34:12] (BssAgreementManagementClientHandler:71) - Credenciales de autenticacion agregadas. Se continua con la invocacion
[ERROR] [2019-05-20 12:34:13] (INTCOP0223ClientImpl:108) -  datos BSCS obtenidos a Recalcular [retrieveSubscriptions] ERROR: [Exception] 1com.sun.xml.internal.ws.client.ClientTransportException: Error de transporte HTTP: java.net.ConnectException: Connection refused: connect
	at com.sun.xml.internal.ws.transport.http.client.HttpClientTransport.getOutput(HttpClientTransport.java:117)
	at com.sun.xml.internal.ws.transport.http.client.HttpTransportPipe.process(HttpTransportPipe.java:208)
	at com.sun.xml.internal.ws.transport.http.client.HttpTransportPipe.processRequest(HttpTransportPipe.java:130)
	at com.sun.xml.internal.ws.transport.DeferredTransportPipe.processRequest(DeferredTransportPipe.java:124)
	at com.sun.xml.internal.ws.api.pipe.Fiber.__doRun(Fiber.java:1121)
	at com.sun.xml.internal.ws.api.pipe.Fiber._doRun(Fiber.java:1035)
	at com.sun.xml.internal.ws.api.pipe.Fiber.doRun(Fiber.java:1004)
	at com.sun.xml.internal.ws.api.pipe.Fiber.runSync(Fiber.java:862)
	at com.sun.xml.internal.ws.client.Stub.process(Stub.java:448)
	at com.sun.xml.internal.ws.client.sei.SEIStub.doProcess(SEIStub.java:178)
	at com.sun.xml.internal.ws.client.sei.SyncMethodHandler.invoke(SyncMethodHandler.java:93)
	at com.sun.xml.internal.ws.client.sei.SyncMethodHandler.invoke(SyncMethodHandler.java:77)
	at com.sun.xml.internal.ws.client.sei.SEIStub.invoke(SEIStub.java:147)
	at com.sun.proxy.$Proxy44.retrieveSubscriptions(Unknown Source)
	at claro.com.pe.evalua.bono.recalculo.client.INTCOP0223ClientImpl.retrieveSubscriptionsResponse(INTCOP0223ClientImpl.java:105)
	at claro.com.pe.evalua.bono.recalculo.service.MainServiceImpl.retrieveSubscriptions(MainServiceImpl.java:796)
	at claro.com.pe.evalua.bono.recalculo.service.MainServiceImpl.reintento(MainServiceImpl.java:583)
	at claro.com.pe.evalua.bono.recalculo.service.MainServiceImpl.reCalcularEvaluacionSP(MainServiceImpl.java:136)
	at claro.com.pe.evalua.bono.recalculo.service.MainServiceImpl.runRecalcular(MainServiceImpl.java:72)
	at sun.reflect.NativeMethodAccessorImpl.invoke0(Native Method)
	at sun.reflect.NativeMethodAccessorImpl.invoke(NativeMethodAccessorImpl.java:62)
	at sun.reflect.DelegatingMethodAccessorImpl.invoke(DelegatingMethodAccessorImpl.java:43)
	at java.lang.reflect.Method.invoke(Method.java:497)
	at org.springframework.aop.support.AopUtils.invokeJoinpointUsingReflection(AopUtils.java:318)
	at org.springframework.aop.framework.ReflectiveMethodInvocation.invokeJoinpoint(ReflectiveMethodInvocation.java:183)
	at org.springframework.aop.framework.ReflectiveMethodInvocation.proceed(ReflectiveMethodInvocation.java:150)
	at org.springframework.transaction.interceptor.TransactionInterceptor.invoke(TransactionInterceptor.java:110)
	at org.springframework.aop.framework.ReflectiveMethodInvocation.proceed(ReflectiveMethodInvocation.java:172)
	at org.springframework.aop.framework.JdkDynamicAopProxy.invoke(JdkDynamicAopProxy.java:202)
	at com.sun.proxy.$Proxy12.runRecalcular(Unknown Source)
	at claro.com.pe.evalua.bono.recalculo.MainClass.launch(MainClass.java:80)
	at claro.com.pe.evalua.bono.recalculo.MainClass.main(MainClass.java:40)
Caused by: java.net.ConnectException: Connection refused: connect
	at java.net.DualStackPlainSocketImpl.waitForConnect(Native Method)
	at java.net.DualStackPlainSocketImpl.socketConnect(DualStackPlainSocketImpl.java:85)
	at java.net.AbstractPlainSocketImpl.doConnect(AbstractPlainSocketImpl.java:350)
	at java.net.AbstractPlainSocketImpl.connectToAddress(AbstractPlainSocketImpl.java:206)
	at java.net.AbstractPlainSocketImpl.connect(AbstractPlainSocketImpl.java:188)
	at java.net.PlainSocketImpl.connect(PlainSocketImpl.java:172)
	at java.net.SocksSocketImpl.connect(SocksSocketImpl.java:392)
	at java.net.Socket.connect(Socket.java:589)
	at sun.net.NetworkClient.doConnect(NetworkClient.java:175)
	at sun.net.www.http.HttpClient.openServer(HttpClient.java:432)
	at sun.net.www.http.HttpClient.openServer(HttpClient.java:527)
	at sun.net.www.http.HttpClient.<init>(HttpClient.java:211)
	at sun.net.www.http.HttpClient.New(HttpClient.java:308)
	at sun.net.www.http.HttpClient.New(HttpClient.java:326)
	at sun.net.www.protocol.http.HttpURLConnection.getNewHttpClient(HttpURLConnection.java:1168)
	at sun.net.www.protocol.http.HttpURLConnection.plainConnect0(HttpURLConnection.java:1147)
	at sun.net.www.protocol.http.HttpURLConnection.plainConnect(HttpURLConnection.java:998)
	at sun.net.www.protocol.http.HttpURLConnection.connect(HttpURLConnection.java:932)
	at sun.net.www.protocol.http.HttpURLConnection.getOutputStream0(HttpURLConnection.java:1282)
	at sun.net.www.protocol.http.HttpURLConnection.getOutputStream(HttpURLConnection.java:1257)
	at com.sun.xml.internal.ws.transport.http.client.HttpClientTransport.getOutput(HttpClientTransport.java:104)
	... 31 more

[ERROR] [2019-05-20 12:34:13] (INTCOP0223ClientImpl:116) -  datos BSCS obtenidos a Recalcular ERROR[Exception]: Se produjo una excepcion al ejecutar WS http://mdp3728:8084/?WSDL
[INFO ] [2019-05-20 12:34:13] (INTCOP0223ClientImpl:120) -  datos BSCS obtenidos a Recalcular [retrieveSubscriptions] [FIN] - METODO: retrieveSubscriptions
[INFO ] [2019-05-20 12:34:13] (INTCOP0223ClientImpl:121) -  datos BSCS obtenidos a Recalcular [retrieveSubscriptions]  ::FIN - TiempoEjecucion(ms): 2011.0
[ERROR] [2019-05-20 12:34:13] (MainServiceImpl:883) -  datos BSCS obtenidos a Recalcular  ======= Error Invocacion INT-COP-0223 ======com.sun.xml.internal.ws.client.ClientTransportException: Error de transporte HTTP: java.net.ConnectException: Connection refused: connect
[ERROR] [2019-05-20 12:34:13] (MainServiceImpl:884) -  datos BSCS obtenidos a Recalcular  ======= Error Invocacion INT-COP-0223 ======Error: Recurso no disponible - WS 'INT-COP-0223 - Metodo 'retrieveSubscriptions'
[ERROR] [2019-05-20 12:34:13] (MainServiceImpl:589) - 14725836988[Error: Interface :]Insert exception
[INFO ] [2019-05-20 12:34:13] (MainServiceImpl:570) - 14725836988[se procede  al Reintento :]1
[INFO ] [2019-05-20 12:34:13] (MainServiceImpl:759) -  datos BSCS obtenidos a Recalcular  ======= Inicia Invocacion  INT-COP-0223 ======
[INFO ] [2019-05-20 12:34:13] (INTCOP0223ClientImpl:49) -  datos BSCS obtenidos a Recalcular [retrieveSubscriptions] [INICIO] - WS: http://mdp3728:8084/?WSDL
[INFO ] [2019-05-20 12:34:13] (INTCOP0223ClientImpl:50) -  datos BSCS obtenidos a Recalcular [retrieveSubscriptions] [INICIO] - METODO: retrieveSubscriptions
[INFO ] [2019-05-20 12:34:14] (INTCOP0223ClientImpl:100) -  datos BSCS obtenidos a Recalcular 
 Datos de [REQUEST]:
<pe.com.claro.esb.data.commonbusinessentities.clarogenericheaders.v2.HeaderRequest xmlns:ns2="http://claro.com.pe/esb/data/commonBusinessEntities/claroGenericHeaders/v2/">
  <ns2:channel>CAC</ns2:channel>
  <ns2:idApplication>SAP</ns2:idApplication>
  <ns2:userApplication>E_USR_01</ns2:userApplication>
  <ns2:userSession>E_USR_01</ns2:userSession>
  <ns2:idESBTransaction>14725836988</ns2:idESBTransaction>
  <ns2:idBusinessTransaction>14725836988</ns2:idBusinessTransaction>
  <ns2:startDate>2019-05-20T12:34:14.680-05:00</ns2:startDate>
</pe.com.claro.esb.data.commonbusinessentities.clarogenericheaders.v2.HeaderRequest>
<pe.com.claro.generic.messageformat.v1.HeaderRequestType>
  <country>PE</country>
  <language>ESbssAgreementManagement.</language>
  <consumer>TLF-</consumer>
  <system>USSD</system>
  <modulo>USSD</modulo>
  <pid>14725836988</pid>
  <userId>USRUSSD</userId>
  <dispositivo>USSD</dispositivo>
  <wsIp>172.19.74.222</wsIp>
  <operation>bsscustomermanagement</operation>
  <timestamp>2019-05-20T12:34:14.680-05:00</timestamp>
  <msgType>?</msgType>
</pe.com.claro.generic.messageformat.v1.HeaderRequestType>
<pe.com.claro.esb.message.bssagreementmanagement.retrievesubscriptions.v2.RetrieveSubscriptionsRequestType>
  <_customer>
    <_customerAccount>
      <_partyRole>
        <_partyRoleProductOffering>
          <_agreementItem>
            <_agreement>
              <ID>CONTR0000002776</ID>
            </_agreement>
          </_agreementItem>
        </_partyRoleProductOffering>
      </_partyRole>
    </_customerAccount>
  </_customer>
</pe.com.claro.esb.message.bssagreementmanagement.retrievesubscriptions.v2.RetrieveSubscriptionsRequestType>
[INFO ] [2019-05-20 12:34:14] (BssAgreementManagementClientHandler:55) - Agregando credenciales de autenticacion en el Header...
[INFO ] [2019-05-20 12:34:14] (BssAgreementManagementClientHandler:71) - Credenciales de autenticacion agregadas. Se continua con la invocacion
[ERROR] [2019-05-20 12:34:15] (INTCOP0223ClientImpl:108) -  datos BSCS obtenidos a Recalcular [retrieveSubscriptions] ERROR: [Exception] 1com.sun.xml.internal.ws.client.ClientTransportException: Error de transporte HTTP: java.net.ConnectException: Connection refused: connect
	at com.sun.xml.internal.ws.transport.http.client.HttpClientTransport.getOutput(HttpClientTransport.java:117)
	at com.sun.xml.internal.ws.transport.http.client.HttpTransportPipe.process(HttpTransportPipe.java:208)
	at com.sun.xml.internal.ws.transport.http.client.HttpTransportPipe.processRequest(HttpTransportPipe.java:130)
	at com.sun.xml.internal.ws.transport.DeferredTransportPipe.processRequest(DeferredTransportPipe.java:124)
	at com.sun.xml.internal.ws.api.pipe.Fiber.__doRun(Fiber.java:1121)
	at com.sun.xml.internal.ws.api.pipe.Fiber._doRun(Fiber.java:1035)
	at com.sun.xml.internal.ws.api.pipe.Fiber.doRun(Fiber.java:1004)
	at com.sun.xml.internal.ws.api.pipe.Fiber.runSync(Fiber.java:862)
	at com.sun.xml.internal.ws.client.Stub.process(Stub.java:448)
	at com.sun.xml.internal.ws.client.sei.SEIStub.doProcess(SEIStub.java:178)
	at com.sun.xml.internal.ws.client.sei.SyncMethodHandler.invoke(SyncMethodHandler.java:93)
	at com.sun.xml.internal.ws.client.sei.SyncMethodHandler.invoke(SyncMethodHandler.java:77)
	at com.sun.xml.internal.ws.client.sei.SEIStub.invoke(SEIStub.java:147)
	at com.sun.proxy.$Proxy44.retrieveSubscriptions(Unknown Source)
	at claro.com.pe.evalua.bono.recalculo.client.INTCOP0223ClientImpl.retrieveSubscriptionsResponse(INTCOP0223ClientImpl.java:105)
	at claro.com.pe.evalua.bono.recalculo.service.MainServiceImpl.retrieveSubscriptions(MainServiceImpl.java:796)
	at claro.com.pe.evalua.bono.recalculo.service.MainServiceImpl.reintento(MainServiceImpl.java:583)
	at claro.com.pe.evalua.bono.recalculo.service.MainServiceImpl.reCalcularEvaluacionSP(MainServiceImpl.java:136)
	at claro.com.pe.evalua.bono.recalculo.service.MainServiceImpl.runRecalcular(MainServiceImpl.java:72)
	at sun.reflect.NativeMethodAccessorImpl.invoke0(Native Method)
	at sun.reflect.NativeMethodAccessorImpl.invoke(NativeMethodAccessorImpl.java:62)
	at sun.reflect.DelegatingMethodAccessorImpl.invoke(DelegatingMethodAccessorImpl.java:43)
	at java.lang.reflect.Method.invoke(Method.java:497)
	at org.springframework.aop.support.AopUtils.invokeJoinpointUsingReflection(AopUtils.java:318)
	at org.springframework.aop.framework.ReflectiveMethodInvocation.invokeJoinpoint(ReflectiveMethodInvocation.java:183)
	at org.springframework.aop.framework.ReflectiveMethodInvocation.proceed(ReflectiveMethodInvocation.java:150)
	at org.springframework.transaction.interceptor.TransactionInterceptor.invoke(TransactionInterceptor.java:110)
	at org.springframework.aop.framework.ReflectiveMethodInvocation.proceed(ReflectiveMethodInvocation.java:172)
	at org.springframework.aop.framework.JdkDynamicAopProxy.invoke(JdkDynamicAopProxy.java:202)
	at com.sun.proxy.$Proxy12.runRecalcular(Unknown Source)
	at claro.com.pe.evalua.bono.recalculo.MainClass.launch(MainClass.java:80)
	at claro.com.pe.evalua.bono.recalculo.MainClass.main(MainClass.java:40)
Caused by: java.net.ConnectException: Connection refused: connect
	at java.net.DualStackPlainSocketImpl.waitForConnect(Native Method)
	at java.net.DualStackPlainSocketImpl.socketConnect(DualStackPlainSocketImpl.java:85)
	at java.net.AbstractPlainSocketImpl.doConnect(AbstractPlainSocketImpl.java:350)
	at java.net.AbstractPlainSocketImpl.connectToAddress(AbstractPlainSocketImpl.java:206)
	at java.net.AbstractPlainSocketImpl.connect(AbstractPlainSocketImpl.java:188)
	at java.net.PlainSocketImpl.connect(PlainSocketImpl.java:172)
	at java.net.SocksSocketImpl.connect(SocksSocketImpl.java:392)
	at java.net.Socket.connect(Socket.java:589)
	at sun.net.NetworkClient.doConnect(NetworkClient.java:175)
	at sun.net.www.http.HttpClient.openServer(HttpClient.java:432)
	at sun.net.www.http.HttpClient.openServer(HttpClient.java:527)
	at sun.net.www.http.HttpClient.<init>(HttpClient.java:211)
	at sun.net.www.http.HttpClient.New(HttpClient.java:308)
	at sun.net.www.http.HttpClient.New(HttpClient.java:326)
	at sun.net.www.protocol.http.HttpURLConnection.getNewHttpClient(HttpURLConnection.java:1168)
	at sun.net.www.protocol.http.HttpURLConnection.plainConnect0(HttpURLConnection.java:1147)
	at sun.net.www.protocol.http.HttpURLConnection.plainConnect(HttpURLConnection.java:998)
	at sun.net.www.protocol.http.HttpURLConnection.connect(HttpURLConnection.java:932)
	at sun.net.www.protocol.http.HttpURLConnection.getOutputStream0(HttpURLConnection.java:1282)
	at sun.net.www.protocol.http.HttpURLConnection.getOutputStream(HttpURLConnection.java:1257)
	at com.sun.xml.internal.ws.transport.http.client.HttpClientTransport.getOutput(HttpClientTransport.java:104)
	... 31 more

[ERROR] [2019-05-20 12:34:15] (INTCOP0223ClientImpl:116) -  datos BSCS obtenidos a Recalcular ERROR[Exception]: Se produjo una excepcion al ejecutar WS http://mdp3728:8084/?WSDL
[INFO ] [2019-05-20 12:34:15] (INTCOP0223ClientImpl:120) -  datos BSCS obtenidos a Recalcular [retrieveSubscriptions] [FIN] - METODO: retrieveSubscriptions
[INFO ] [2019-05-20 12:34:15] (INTCOP0223ClientImpl:121) -  datos BSCS obtenidos a Recalcular [retrieveSubscriptions]  ::FIN - TiempoEjecucion(ms): 2000.0
[ERROR] [2019-05-20 12:34:15] (MainServiceImpl:883) -  datos BSCS obtenidos a Recalcular  ======= Error Invocacion INT-COP-0223 ======com.sun.xml.internal.ws.client.ClientTransportException: Error de transporte HTTP: java.net.ConnectException: Connection refused: connect
[ERROR] [2019-05-20 12:34:15] (MainServiceImpl:884) -  datos BSCS obtenidos a Recalcular  ======= Error Invocacion INT-COP-0223 ======Error: Recurso no disponible - WS 'INT-COP-0223 - Metodo 'retrieveSubscriptions'
[ERROR] [2019-05-20 12:34:15] (MainServiceImpl:589) - 14725836988[Error: Interface :]Insert exception
[INFO ] [2019-05-20 12:34:15] (MainServiceImpl:570) - 14725836988[se procede  al Reintento :]2
[INFO ] [2019-05-20 12:34:15] (MainServiceImpl:759) -  datos BSCS obtenidos a Recalcular  ======= Inicia Invocacion  INT-COP-0223 ======
[INFO ] [2019-05-20 12:34:15] (INTCOP0223ClientImpl:49) -  datos BSCS obtenidos a Recalcular [retrieveSubscriptions] [INICIO] - WS: http://mdp3728:8084/?WSDL
[INFO ] [2019-05-20 12:34:15] (INTCOP0223ClientImpl:50) -  datos BSCS obtenidos a Recalcular [retrieveSubscriptions] [INICIO] - METODO: retrieveSubscriptions
[INFO ] [2019-05-20 12:34:16] (INTCOP0223ClientImpl:100) -  datos BSCS obtenidos a Recalcular 
 Datos de [REQUEST]:
<pe.com.claro.esb.data.commonbusinessentities.clarogenericheaders.v2.HeaderRequest xmlns:ns2="http://claro.com.pe/esb/data/commonBusinessEntities/claroGenericHeaders/v2/">
  <ns2:channel>CAC</ns2:channel>
  <ns2:idApplication>SAP</ns2:idApplication>
  <ns2:userApplication>E_USR_01</ns2:userApplication>
  <ns2:userSession>E_USR_01</ns2:userSession>
  <ns2:idESBTransaction>14725836988</ns2:idESBTransaction>
  <ns2:idBusinessTransaction>14725836988</ns2:idBusinessTransaction>
  <ns2:startDate>2019-05-20T12:34:16.677-05:00</ns2:startDate>
</pe.com.claro.esb.data.commonbusinessentities.clarogenericheaders.v2.HeaderRequest>
<pe.com.claro.generic.messageformat.v1.HeaderRequestType>
  <country>PE</country>
  <language>ESbssAgreementManagement.</language>
  <consumer>TLF-</consumer>
  <system>USSD</system>
  <modulo>USSD</modulo>
  <pid>14725836988</pid>
  <userId>USRUSSD</userId>
  <dispositivo>USSD</dispositivo>
  <wsIp>172.19.74.222</wsIp>
  <operation>bsscustomermanagement</operation>
  <timestamp>2019-05-20T12:34:16.677-05:00</timestamp>
  <msgType>?</msgType>
</pe.com.claro.generic.messageformat.v1.HeaderRequestType>
<pe.com.claro.esb.message.bssagreementmanagement.retrievesubscriptions.v2.RetrieveSubscriptionsRequestType>
  <_customer>
    <_customerAccount>
      <_partyRole>
        <_partyRoleProductOffering>
          <_agreementItem>
            <_agreement>
              <ID>CONTR0000002776</ID>
            </_agreement>
          </_agreementItem>
        </_partyRoleProductOffering>
      </_partyRole>
    </_customerAccount>
  </_customer>
</pe.com.claro.esb.message.bssagreementmanagement.retrievesubscriptions.v2.RetrieveSubscriptionsRequestType>
[INFO ] [2019-05-20 12:34:16] (BssAgreementManagementClientHandler:55) - Agregando credenciales de autenticacion en el Header...
[INFO ] [2019-05-20 12:34:16] (BssAgreementManagementClientHandler:71) - Credenciales de autenticacion agregadas. Se continua con la invocacion
[ERROR] [2019-05-20 12:34:17] (INTCOP0223ClientImpl:108) -  datos BSCS obtenidos a Recalcular [retrieveSubscriptions] ERROR: [Exception] 1com.sun.xml.internal.ws.client.ClientTransportException: Error de transporte HTTP: java.net.ConnectException: Connection refused: connect
	at com.sun.xml.internal.ws.transport.http.client.HttpClientTransport.getOutput(HttpClientTransport.java:117)
	at com.sun.xml.internal.ws.transport.http.client.HttpTransportPipe.process(HttpTransportPipe.java:208)
	at com.sun.xml.internal.ws.transport.http.client.HttpTransportPipe.processRequest(HttpTransportPipe.java:130)
	at com.sun.xml.internal.ws.transport.DeferredTransportPipe.processRequest(DeferredTransportPipe.java:124)
	at com.sun.xml.internal.ws.api.pipe.Fiber.__doRun(Fiber.java:1121)
	at com.sun.xml.internal.ws.api.pipe.Fiber._doRun(Fiber.java:1035)
	at com.sun.xml.internal.ws.api.pipe.Fiber.doRun(Fiber.java:1004)
	at com.sun.xml.internal.ws.api.pipe.Fiber.runSync(Fiber.java:862)
	at com.sun.xml.internal.ws.client.Stub.process(Stub.java:448)
	at com.sun.xml.internal.ws.client.sei.SEIStub.doProcess(SEIStub.java:178)
	at com.sun.xml.internal.ws.client.sei.SyncMethodHandler.invoke(SyncMethodHandler.java:93)
	at com.sun.xml.internal.ws.client.sei.SyncMethodHandler.invoke(SyncMethodHandler.java:77)
	at com.sun.xml.internal.ws.client.sei.SEIStub.invoke(SEIStub.java:147)
	at com.sun.proxy.$Proxy44.retrieveSubscriptions(Unknown Source)
	at claro.com.pe.evalua.bono.recalculo.client.INTCOP0223ClientImpl.retrieveSubscriptionsResponse(INTCOP0223ClientImpl.java:105)
	at claro.com.pe.evalua.bono.recalculo.service.MainServiceImpl.retrieveSubscriptions(MainServiceImpl.java:796)
	at claro.com.pe.evalua.bono.recalculo.service.MainServiceImpl.reintento(MainServiceImpl.java:583)
	at claro.com.pe.evalua.bono.recalculo.service.MainServiceImpl.reCalcularEvaluacionSP(MainServiceImpl.java:136)
	at claro.com.pe.evalua.bono.recalculo.service.MainServiceImpl.runRecalcular(MainServiceImpl.java:72)
	at sun.reflect.NativeMethodAccessorImpl.invoke0(Native Method)
	at sun.reflect.NativeMethodAccessorImpl.invoke(NativeMethodAccessorImpl.java:62)
	at sun.reflect.DelegatingMethodAccessorImpl.invoke(DelegatingMethodAccessorImpl.java:43)
	at java.lang.reflect.Method.invoke(Method.java:497)
	at org.springframework.aop.support.AopUtils.invokeJoinpointUsingReflection(AopUtils.java:318)
	at org.springframework.aop.framework.ReflectiveMethodInvocation.invokeJoinpoint(ReflectiveMethodInvocation.java:183)
	at org.springframework.aop.framework.ReflectiveMethodInvocation.proceed(ReflectiveMethodInvocation.java:150)
	at org.springframework.transaction.interceptor.TransactionInterceptor.invoke(TransactionInterceptor.java:110)
	at org.springframework.aop.framework.ReflectiveMethodInvocation.proceed(ReflectiveMethodInvocation.java:172)
	at org.springframework.aop.framework.JdkDynamicAopProxy.invoke(JdkDynamicAopProxy.java:202)
	at com.sun.proxy.$Proxy12.runRecalcular(Unknown Source)
	at claro.com.pe.evalua.bono.recalculo.MainClass.launch(MainClass.java:80)
	at claro.com.pe.evalua.bono.recalculo.MainClass.main(MainClass.java:40)
Caused by: java.net.ConnectException: Connection refused: connect
	at java.net.DualStackPlainSocketImpl.waitForConnect(Native Method)
	at java.net.DualStackPlainSocketImpl.socketConnect(DualStackPlainSocketImpl.java:85)
	at java.net.AbstractPlainSocketImpl.doConnect(AbstractPlainSocketImpl.java:350)
	at java.net.AbstractPlainSocketImpl.connectToAddress(AbstractPlainSocketImpl.java:206)
	at java.net.AbstractPlainSocketImpl.connect(AbstractPlainSocketImpl.java:188)
	at java.net.PlainSocketImpl.connect(PlainSocketImpl.java:172)
	at java.net.SocksSocketImpl.connect(SocksSocketImpl.java:392)
	at java.net.Socket.connect(Socket.java:589)
	at sun.net.NetworkClient.doConnect(NetworkClient.java:175)
	at sun.net.www.http.HttpClient.openServer(HttpClient.java:432)
	at sun.net.www.http.HttpClient.openServer(HttpClient.java:527)
	at sun.net.www.http.HttpClient.<init>(HttpClient.java:211)
	at sun.net.www.http.HttpClient.New(HttpClient.java:308)
	at sun.net.www.http.HttpClient.New(HttpClient.java:326)
	at sun.net.www.protocol.http.HttpURLConnection.getNewHttpClient(HttpURLConnection.java:1168)
	at sun.net.www.protocol.http.HttpURLConnection.plainConnect0(HttpURLConnection.java:1147)
	at sun.net.www.protocol.http.HttpURLConnection.plainConnect(HttpURLConnection.java:998)
	at sun.net.www.protocol.http.HttpURLConnection.connect(HttpURLConnection.java:932)
	at sun.net.www.protocol.http.HttpURLConnection.getOutputStream0(HttpURLConnection.java:1282)
	at sun.net.www.protocol.http.HttpURLConnection.getOutputStream(HttpURLConnection.java:1257)
	at com.sun.xml.internal.ws.transport.http.client.HttpClientTransport.getOutput(HttpClientTransport.java:104)
	... 31 more

[ERROR] [2019-05-20 12:34:17] (INTCOP0223ClientImpl:116) -  datos BSCS obtenidos a Recalcular ERROR[Exception]: Se produjo una excepcion al ejecutar WS http://mdp3728:8084/?WSDL
[INFO ] [2019-05-20 12:34:17] (INTCOP0223ClientImpl:120) -  datos BSCS obtenidos a Recalcular [retrieveSubscriptions] [FIN] - METODO: retrieveSubscriptions
[INFO ] [2019-05-20 12:34:17] (INTCOP0223ClientImpl:121) -  datos BSCS obtenidos a Recalcular [retrieveSubscriptions]  ::FIN - TiempoEjecucion(ms): 1996.0
[ERROR] [2019-05-20 12:34:17] (MainServiceImpl:883) -  datos BSCS obtenidos a Recalcular  ======= Error Invocacion INT-COP-0223 ======com.sun.xml.internal.ws.client.ClientTransportException: Error de transporte HTTP: java.net.ConnectException: Connection refused: connect
[ERROR] [2019-05-20 12:34:17] (MainServiceImpl:884) -  datos BSCS obtenidos a Recalcular  ======= Error Invocacion INT-COP-0223 ======Error: Recurso no disponible - WS 'INT-COP-0223 - Metodo 'retrieveSubscriptions'
[ERROR] [2019-05-20 12:34:17] (MainServiceImpl:589) - 14725836988[Error: Interface :]Insert exception
[ERROR] [2019-05-20 12:34:17] (MainServiceImpl:419) - 14725836988Error Interno: null
java.lang.NullPointerException
	at claro.com.pe.evalua.bono.recalculo.service.MainServiceImpl.reCalcularEvaluacionSP(MainServiceImpl.java:137)
	at claro.com.pe.evalua.bono.recalculo.service.MainServiceImpl.runRecalcular(MainServiceImpl.java:72)
	at sun.reflect.NativeMethodAccessorImpl.invoke0(Native Method)
	at sun.reflect.NativeMethodAccessorImpl.invoke(NativeMethodAccessorImpl.java:62)
	at sun.reflect.DelegatingMethodAccessorImpl.invoke(DelegatingMethodAccessorImpl.java:43)
	at java.lang.reflect.Method.invoke(Method.java:497)
	at org.springframework.aop.support.AopUtils.invokeJoinpointUsingReflection(AopUtils.java:318)
	at org.springframework.aop.framework.ReflectiveMethodInvocation.invokeJoinpoint(ReflectiveMethodInvocation.java:183)
	at org.springframework.aop.framework.ReflectiveMethodInvocation.proceed(ReflectiveMethodInvocation.java:150)
	at org.springframework.transaction.interceptor.TransactionInterceptor.invoke(TransactionInterceptor.java:110)
	at org.springframework.aop.framework.ReflectiveMethodInvocation.proceed(ReflectiveMethodInvocation.java:172)
	at org.springframework.aop.framework.JdkDynamicAopProxy.invoke(JdkDynamicAopProxy.java:202)
	at com.sun.proxy.$Proxy12.runRecalcular(Unknown Source)
	at claro.com.pe.evalua.bono.recalculo.MainClass.launch(MainClass.java:80)
	at claro.com.pe.evalua.bono.recalculo.MainClass.main(MainClass.java:40)
[INFO ] [2019-05-20 12:34:17] (MainServiceImpl:423) - 14725836988[Fin de metodo: run]
[INFO ] [2019-05-20 12:34:17] (MainServiceImpl:68) - 14725836988[se procede  al Reintento :]2
[INFO ] [2019-05-20 12:34:17] (MainServiceImpl:103) - 14725836988INICIO  :  Carga Cambio Plan
[INFO ] [2019-05-20 12:34:17] (MainServiceImpl:105) - 14725836988 BSCSC Evalua
[INFO ] [2019-05-20 12:34:17] (MotorPromDAOImpl:64) - 14725836988[obtener Cambio plan Replica] [INICIO] - METODO: obtener Cambio plan Replica
[INFO ] [2019-05-20 12:34:17] (MotorPromDAOImpl:78) - 14725836988 Se establecio conexion con la BD BSCS
[INFO ] [2019-05-20 12:34:17] (MotorPromDAOImpl:79) - 14725836988 Consultando a la BD: BSCS.Detalle: tim
[INFO ] [2019-05-20 12:34:17] (MotorPromDAOImpl:80) - 14725836988 SP a ejecutar: [pkg_motprom_proces_transbk.promss_dnnum_maxfamilia]
[INFO ] [2019-05-20 12:34:17] (MotorPromDAOImpl:81) - 14725836988 Ejecutando SP 
[INFO ] [2019-05-20 12:34:17] (MotorPromDAOImpl:132) - 14725836988 Se ejecuto exitosamente el SP
[INFO ] [2019-05-20 12:34:17] (MotorPromDAOImpl:133) - 14725836988 [OUTPUT]: 
[INFO ] [2019-05-20 12:34:17] (MotorPromDAOImpl:134) - 14725836988 [po_cod_err] = 0
[INFO ] [2019-05-20 12:34:17] (MotorPromDAOImpl:135) - 14725836988 [po_des_err] = OK
[INFO ] [2019-05-20 12:34:17] (MotorPromDAOImpl:142) - 14725836988 [SIZE LIST] = 5
[INFO ] [2019-05-20 12:34:17] (MotorPromDAOImpl:161) - 14725836988 - Fin del método Obtener- Tiempo total de proceso : 21 milisegundos.
[INFO ] [2019-05-20 12:34:17] (MainServiceImpl:111) - 14725836988 SIZE INICIO LIST :5
[INFO ] [2019-05-20 12:34:17] (MainServiceImpl:117) - 14725836988 ************ ITERACCION ******** :0
[INFO ] [2019-05-20 12:34:17] (MainServiceImpl:122) - 14725836988 ---------------------------------------------:0
[INFO ] [2019-05-20 12:34:17] (MainServiceImpl:122) - 14725836988 ---------------------------------------------:1
[INFO ] [2019-05-20 12:34:17] (MainServiceImpl:759) -  datos BSCS obtenidos a Recalcular  ======= Inicia Invocacion  INT-COP-0223 ======
[INFO ] [2019-05-20 12:34:17] (INTCOP0223ClientImpl:49) -  datos BSCS obtenidos a Recalcular [retrieveSubscriptions] [INICIO] - WS: http://mdp3728:8084/?WSDL
[INFO ] [2019-05-20 12:34:17] (INTCOP0223ClientImpl:50) -  datos BSCS obtenidos a Recalcular [retrieveSubscriptions] [INICIO] - METODO: retrieveSubscriptions
[INFO ] [2019-05-20 12:34:18] (INTCOP0223ClientImpl:100) -  datos BSCS obtenidos a Recalcular 
 Datos de [REQUEST]:
<pe.com.claro.esb.data.commonbusinessentities.clarogenericheaders.v2.HeaderRequest xmlns:ns2="http://claro.com.pe/esb/data/commonBusinessEntities/claroGenericHeaders/v2/">
  <ns2:channel>CAC</ns2:channel>
  <ns2:idApplication>SAP</ns2:idApplication>
  <ns2:userApplication>E_USR_01</ns2:userApplication>
  <ns2:userSession>E_USR_01</ns2:userSession>
  <ns2:idESBTransaction>14725836988</ns2:idESBTransaction>
  <ns2:idBusinessTransaction>14725836988</ns2:idBusinessTransaction>
  <ns2:startDate>2019-05-20T12:34:18.834-05:00</ns2:startDate>
</pe.com.claro.esb.data.commonbusinessentities.clarogenericheaders.v2.HeaderRequest>
<pe.com.claro.generic.messageformat.v1.HeaderRequestType>
  <country>PE</country>
  <language>ESbssAgreementManagement.</language>
  <consumer>TLF-</consumer>
  <system>USSD</system>
  <modulo>USSD</modulo>
  <pid>14725836988</pid>
  <userId>USRUSSD</userId>
  <dispositivo>USSD</dispositivo>
  <wsIp>172.19.74.222</wsIp>
  <operation>bsscustomermanagement</operation>
  <timestamp>2019-05-20T12:34:18.834-05:00</timestamp>
  <msgType>?</msgType>
</pe.com.claro.generic.messageformat.v1.HeaderRequestType>
<pe.com.claro.esb.message.bssagreementmanagement.retrievesubscriptions.v2.RetrieveSubscriptionsRequestType>
  <_customer>
    <_customerAccount>
      <_partyRole>
        <_partyRoleProductOffering>
          <_agreementItem>
            <_agreement>
              <ID>CONTR0000002776</ID>
            </_agreement>
          </_agreementItem>
        </_partyRoleProductOffering>
      </_partyRole>
    </_customerAccount>
  </_customer>
</pe.com.claro.esb.message.bssagreementmanagement.retrievesubscriptions.v2.RetrieveSubscriptionsRequestType>
[INFO ] [2019-05-20 12:34:18] (BssAgreementManagementClientHandler:55) - Agregando credenciales de autenticacion en el Header...
[INFO ] [2019-05-20 12:34:18] (BssAgreementManagementClientHandler:71) - Credenciales de autenticacion agregadas. Se continua con la invocacion
[ERROR] [2019-05-20 12:34:19] (INTCOP0223ClientImpl:108) -  datos BSCS obtenidos a Recalcular [retrieveSubscriptions] ERROR: [Exception] 1com.sun.xml.internal.ws.client.ClientTransportException: Error de transporte HTTP: java.net.ConnectException: Connection refused: connect
	at com.sun.xml.internal.ws.transport.http.client.HttpClientTransport.getOutput(HttpClientTransport.java:117)
	at com.sun.xml.internal.ws.transport.http.client.HttpTransportPipe.process(HttpTransportPipe.java:208)
	at com.sun.xml.internal.ws.transport.http.client.HttpTransportPipe.processRequest(HttpTransportPipe.java:130)
	at com.sun.xml.internal.ws.transport.DeferredTransportPipe.processRequest(DeferredTransportPipe.java:124)
	at com.sun.xml.internal.ws.api.pipe.Fiber.__doRun(Fiber.java:1121)
	at com.sun.xml.internal.ws.api.pipe.Fiber._doRun(Fiber.java:1035)
	at com.sun.xml.internal.ws.api.pipe.Fiber.doRun(Fiber.java:1004)
	at com.sun.xml.internal.ws.api.pipe.Fiber.runSync(Fiber.java:862)
	at com.sun.xml.internal.ws.client.Stub.process(Stub.java:448)
	at com.sun.xml.internal.ws.client.sei.SEIStub.doProcess(SEIStub.java:178)
	at com.sun.xml.internal.ws.client.sei.SyncMethodHandler.invoke(SyncMethodHandler.java:93)
	at com.sun.xml.internal.ws.client.sei.SyncMethodHandler.invoke(SyncMethodHandler.java:77)
	at com.sun.xml.internal.ws.client.sei.SEIStub.invoke(SEIStub.java:147)
	at com.sun.proxy.$Proxy44.retrieveSubscriptions(Unknown Source)
	at claro.com.pe.evalua.bono.recalculo.client.INTCOP0223ClientImpl.retrieveSubscriptionsResponse(INTCOP0223ClientImpl.java:105)
	at claro.com.pe.evalua.bono.recalculo.service.MainServiceImpl.retrieveSubscriptions(MainServiceImpl.java:796)
	at claro.com.pe.evalua.bono.recalculo.service.MainServiceImpl.reintento(MainServiceImpl.java:583)
	at claro.com.pe.evalua.bono.recalculo.service.MainServiceImpl.reCalcularEvaluacionSP(MainServiceImpl.java:136)
	at claro.com.pe.evalua.bono.recalculo.service.MainServiceImpl.runRecalcular(MainServiceImpl.java:72)
	at sun.reflect.NativeMethodAccessorImpl.invoke0(Native Method)
	at sun.reflect.NativeMethodAccessorImpl.invoke(NativeMethodAccessorImpl.java:62)
	at sun.reflect.DelegatingMethodAccessorImpl.invoke(DelegatingMethodAccessorImpl.java:43)
	at java.lang.reflect.Method.invoke(Method.java:497)
	at org.springframework.aop.support.AopUtils.invokeJoinpointUsingReflection(AopUtils.java:318)
	at org.springframework.aop.framework.ReflectiveMethodInvocation.invokeJoinpoint(ReflectiveMethodInvocation.java:183)
	at org.springframework.aop.framework.ReflectiveMethodInvocation.proceed(ReflectiveMethodInvocation.java:150)
	at org.springframework.transaction.interceptor.TransactionInterceptor.invoke(TransactionInterceptor.java:110)
	at org.springframework.aop.framework.ReflectiveMethodInvocation.proceed(ReflectiveMethodInvocation.java:172)
	at org.springframework.aop.framework.JdkDynamicAopProxy.invoke(JdkDynamicAopProxy.java:202)
	at com.sun.proxy.$Proxy12.runRecalcular(Unknown Source)
	at claro.com.pe.evalua.bono.recalculo.MainClass.launch(MainClass.java:80)
	at claro.com.pe.evalua.bono.recalculo.MainClass.main(MainClass.java:40)
Caused by: java.net.ConnectException: Connection refused: connect
	at java.net.DualStackPlainSocketImpl.waitForConnect(Native Method)
	at java.net.DualStackPlainSocketImpl.socketConnect(DualStackPlainSocketImpl.java:85)
	at java.net.AbstractPlainSocketImpl.doConnect(AbstractPlainSocketImpl.java:350)
	at java.net.AbstractPlainSocketImpl.connectToAddress(AbstractPlainSocketImpl.java:206)
	at java.net.AbstractPlainSocketImpl.connect(AbstractPlainSocketImpl.java:188)
	at java.net.PlainSocketImpl.connect(PlainSocketImpl.java:172)
	at java.net.SocksSocketImpl.connect(SocksSocketImpl.java:392)
	at java.net.Socket.connect(Socket.java:589)
	at sun.net.NetworkClient.doConnect(NetworkClient.java:175)
	at sun.net.www.http.HttpClient.openServer(HttpClient.java:432)
	at sun.net.www.http.HttpClient.openServer(HttpClient.java:527)
	at sun.net.www.http.HttpClient.<init>(HttpClient.java:211)
	at sun.net.www.http.HttpClient.New(HttpClient.java:308)
	at sun.net.www.http.HttpClient.New(HttpClient.java:326)
	at sun.net.www.protocol.http.HttpURLConnection.getNewHttpClient(HttpURLConnection.java:1168)
	at sun.net.www.protocol.http.HttpURLConnection.plainConnect0(HttpURLConnection.java:1147)
	at sun.net.www.protocol.http.HttpURLConnection.plainConnect(HttpURLConnection.java:998)
	at sun.net.www.protocol.http.HttpURLConnection.connect(HttpURLConnection.java:932)
	at sun.net.www.protocol.http.HttpURLConnection.getOutputStream0(HttpURLConnection.java:1282)
	at sun.net.www.protocol.http.HttpURLConnection.getOutputStream(HttpURLConnection.java:1257)
	at com.sun.xml.internal.ws.transport.http.client.HttpClientTransport.getOutput(HttpClientTransport.java:104)
	... 31 more

[ERROR] [2019-05-20 12:34:19] (INTCOP0223ClientImpl:116) -  datos BSCS obtenidos a Recalcular ERROR[Exception]: Se produjo una excepcion al ejecutar WS http://mdp3728:8084/?WSDL
[INFO ] [2019-05-20 12:34:19] (INTCOP0223ClientImpl:120) -  datos BSCS obtenidos a Recalcular [retrieveSubscriptions] [FIN] - METODO: retrieveSubscriptions
[INFO ] [2019-05-20 12:34:19] (INTCOP0223ClientImpl:121) -  datos BSCS obtenidos a Recalcular [retrieveSubscriptions]  ::FIN - TiempoEjecucion(ms): 2134.0
[ERROR] [2019-05-20 12:34:19] (MainServiceImpl:883) -  datos BSCS obtenidos a Recalcular  ======= Error Invocacion INT-COP-0223 ======com.sun.xml.internal.ws.client.ClientTransportException: Error de transporte HTTP: java.net.ConnectException: Connection refused: connect
[ERROR] [2019-05-20 12:34:19] (MainServiceImpl:884) -  datos BSCS obtenidos a Recalcular  ======= Error Invocacion INT-COP-0223 ======Error: Recurso no disponible - WS 'INT-COP-0223 - Metodo 'retrieveSubscriptions'
[ERROR] [2019-05-20 12:34:19] (MainServiceImpl:589) - 14725836988[Error: Interface :]Insert exception
[INFO ] [2019-05-20 12:34:19] (MainServiceImpl:570) - 14725836988[se procede  al Reintento :]1
[INFO ] [2019-05-20 12:34:19] (MainServiceImpl:759) -  datos BSCS obtenidos a Recalcular  ======= Inicia Invocacion  INT-COP-0223 ======
[INFO ] [2019-05-20 12:34:19] (INTCOP0223ClientImpl:49) -  datos BSCS obtenidos a Recalcular [retrieveSubscriptions] [INICIO] - WS: http://mdp3728:8084/?WSDL
[INFO ] [2019-05-20 12:34:19] (INTCOP0223ClientImpl:50) -  datos BSCS obtenidos a Recalcular [retrieveSubscriptions] [INICIO] - METODO: retrieveSubscriptions
[INFO ] [2019-05-20 12:34:20] (INTCOP0223ClientImpl:100) -  datos BSCS obtenidos a Recalcular 
 Datos de [REQUEST]:
<pe.com.claro.esb.data.commonbusinessentities.clarogenericheaders.v2.HeaderRequest xmlns:ns2="http://claro.com.pe/esb/data/commonBusinessEntities/claroGenericHeaders/v2/">
  <ns2:channel>CAC</ns2:channel>
  <ns2:idApplication>SAP</ns2:idApplication>
  <ns2:userApplication>E_USR_01</ns2:userApplication>
  <ns2:userSession>E_USR_01</ns2:userSession>
  <ns2:idESBTransaction>14725836988</ns2:idESBTransaction>
  <ns2:idBusinessTransaction>14725836988</ns2:idBusinessTransaction>
  <ns2:startDate>2019-05-20T12:34:20.801-05:00</ns2:startDate>
</pe.com.claro.esb.data.commonbusinessentities.clarogenericheaders.v2.HeaderRequest>
<pe.com.claro.generic.messageformat.v1.HeaderRequestType>
  <country>PE</country>
  <language>ESbssAgreementManagement.</language>
  <consumer>TLF-</consumer>
  <system>USSD</system>
  <modulo>USSD</modulo>
  <pid>14725836988</pid>
  <userId>USRUSSD</userId>
  <dispositivo>USSD</dispositivo>
  <wsIp>172.19.74.222</wsIp>
  <operation>bsscustomermanagement</operation>
  <timestamp>2019-05-20T12:34:20.801-05:00</timestamp>
  <msgType>?</msgType>
</pe.com.claro.generic.messageformat.v1.HeaderRequestType>
<pe.com.claro.esb.message.bssagreementmanagement.retrievesubscriptions.v2.RetrieveSubscriptionsRequestType>
  <_customer>
    <_customerAccount>
      <_partyRole>
        <_partyRoleProductOffering>
          <_agreementItem>
            <_agreement>
              <ID>CONTR0000002776</ID>
            </_agreement>
          </_agreementItem>
        </_partyRoleProductOffering>
      </_partyRole>
    </_customerAccount>
  </_customer>
</pe.com.claro.esb.message.bssagreementmanagement.retrievesubscriptions.v2.RetrieveSubscriptionsRequestType>
[INFO ] [2019-05-20 12:34:20] (BssAgreementManagementClientHandler:55) - Agregando credenciales de autenticacion en el Header...
[INFO ] [2019-05-20 12:34:20] (BssAgreementManagementClientHandler:71) - Credenciales de autenticacion agregadas. Se continua con la invocacion
[ERROR] [2019-05-20 12:34:21] (INTCOP0223ClientImpl:108) -  datos BSCS obtenidos a Recalcular [retrieveSubscriptions] ERROR: [Exception] 1com.sun.xml.internal.ws.client.ClientTransportException: Error de transporte HTTP: java.net.ConnectException: Connection refused: connect
	at com.sun.xml.internal.ws.transport.http.client.HttpClientTransport.getOutput(HttpClientTransport.java:117)
	at com.sun.xml.internal.ws.transport.http.client.HttpTransportPipe.process(HttpTransportPipe.java:208)
	at com.sun.xml.internal.ws.transport.http.client.HttpTransportPipe.processRequest(HttpTransportPipe.java:130)
	at com.sun.xml.internal.ws.transport.DeferredTransportPipe.processRequest(DeferredTransportPipe.java:124)
	at com.sun.xml.internal.ws.api.pipe.Fiber.__doRun(Fiber.java:1121)
	at com.sun.xml.internal.ws.api.pipe.Fiber._doRun(Fiber.java:1035)
	at com.sun.xml.internal.ws.api.pipe.Fiber.doRun(Fiber.java:1004)
	at com.sun.xml.internal.ws.api.pipe.Fiber.runSync(Fiber.java:862)
	at com.sun.xml.internal.ws.client.Stub.process(Stub.java:448)
	at com.sun.xml.internal.ws.client.sei.SEIStub.doProcess(SEIStub.java:178)
	at com.sun.xml.internal.ws.client.sei.SyncMethodHandler.invoke(SyncMethodHandler.java:93)
	at com.sun.xml.internal.ws.client.sei.SyncMethodHandler.invoke(SyncMethodHandler.java:77)
	at com.sun.xml.internal.ws.client.sei.SEIStub.invoke(SEIStub.java:147)
	at com.sun.proxy.$Proxy44.retrieveSubscriptions(Unknown Source)
	at claro.com.pe.evalua.bono.recalculo.client.INTCOP0223ClientImpl.retrieveSubscriptionsResponse(INTCOP0223ClientImpl.java:105)
	at claro.com.pe.evalua.bono.recalculo.service.MainServiceImpl.retrieveSubscriptions(MainServiceImpl.java:796)
	at claro.com.pe.evalua.bono.recalculo.service.MainServiceImpl.reintento(MainServiceImpl.java:583)
	at claro.com.pe.evalua.bono.recalculo.service.MainServiceImpl.reCalcularEvaluacionSP(MainServiceImpl.java:136)
	at claro.com.pe.evalua.bono.recalculo.service.MainServiceImpl.runRecalcular(MainServiceImpl.java:72)
	at sun.reflect.NativeMethodAccessorImpl.invoke0(Native Method)
	at sun.reflect.NativeMethodAccessorImpl.invoke(NativeMethodAccessorImpl.java:62)
	at sun.reflect.DelegatingMethodAccessorImpl.invoke(DelegatingMethodAccessorImpl.java:43)
	at java.lang.reflect.Method.invoke(Method.java:497)
	at org.springframework.aop.support.AopUtils.invokeJoinpointUsingReflection(AopUtils.java:318)
	at org.springframework.aop.framework.ReflectiveMethodInvocation.invokeJoinpoint(ReflectiveMethodInvocation.java:183)
	at org.springframework.aop.framework.ReflectiveMethodInvocation.proceed(ReflectiveMethodInvocation.java:150)
	at org.springframework.transaction.interceptor.TransactionInterceptor.invoke(TransactionInterceptor.java:110)
	at org.springframework.aop.framework.ReflectiveMethodInvocation.proceed(ReflectiveMethodInvocation.java:172)
	at org.springframework.aop.framework.JdkDynamicAopProxy.invoke(JdkDynamicAopProxy.java:202)
	at com.sun.proxy.$Proxy12.runRecalcular(Unknown Source)
	at claro.com.pe.evalua.bono.recalculo.MainClass.launch(MainClass.java:80)
	at claro.com.pe.evalua.bono.recalculo.MainClass.main(MainClass.java:40)
Caused by: java.net.ConnectException: Connection refused: connect
	at java.net.DualStackPlainSocketImpl.waitForConnect(Native Method)
	at java.net.DualStackPlainSocketImpl.socketConnect(DualStackPlainSocketImpl.java:85)
	at java.net.AbstractPlainSocketImpl.doConnect(AbstractPlainSocketImpl.java:350)
	at java.net.AbstractPlainSocketImpl.connectToAddress(AbstractPlainSocketImpl.java:206)
	at java.net.AbstractPlainSocketImpl.connect(AbstractPlainSocketImpl.java:188)
	at java.net.PlainSocketImpl.connect(PlainSocketImpl.java:172)
	at java.net.SocksSocketImpl.connect(SocksSocketImpl.java:392)
	at java.net.Socket.connect(Socket.java:589)
	at sun.net.NetworkClient.doConnect(NetworkClient.java:175)
	at sun.net.www.http.HttpClient.openServer(HttpClient.java:432)
	at sun.net.www.http.HttpClient.openServer(HttpClient.java:527)
	at sun.net.www.http.HttpClient.<init>(HttpClient.java:211)
	at sun.net.www.http.HttpClient.New(HttpClient.java:308)
	at sun.net.www.http.HttpClient.New(HttpClient.java:326)
	at sun.net.www.protocol.http.HttpURLConnection.getNewHttpClient(HttpURLConnection.java:1168)
	at sun.net.www.protocol.http.HttpURLConnection.plainConnect0(HttpURLConnection.java:1147)
	at sun.net.www.protocol.http.HttpURLConnection.plainConnect(HttpURLConnection.java:998)
	at sun.net.www.protocol.http.HttpURLConnection.connect(HttpURLConnection.java:932)
	at sun.net.www.protocol.http.HttpURLConnection.getOutputStream0(HttpURLConnection.java:1282)
	at sun.net.www.protocol.http.HttpURLConnection.getOutputStream(HttpURLConnection.java:1257)
	at com.sun.xml.internal.ws.transport.http.client.HttpClientTransport.getOutput(HttpClientTransport.java:104)
	... 31 more

[ERROR] [2019-05-20 12:34:21] (INTCOP0223ClientImpl:116) -  datos BSCS obtenidos a Recalcular ERROR[Exception]: Se produjo una excepcion al ejecutar WS http://mdp3728:8084/?WSDL
[INFO ] [2019-05-20 12:34:21] (INTCOP0223ClientImpl:120) -  datos BSCS obtenidos a Recalcular [retrieveSubscriptions] [FIN] - METODO: retrieveSubscriptions
[INFO ] [2019-05-20 12:34:21] (INTCOP0223ClientImpl:121) -  datos BSCS obtenidos a Recalcular [retrieveSubscriptions]  ::FIN - TiempoEjecucion(ms): 1967.0
[ERROR] [2019-05-20 12:34:21] (MainServiceImpl:883) -  datos BSCS obtenidos a Recalcular  ======= Error Invocacion INT-COP-0223 ======com.sun.xml.internal.ws.client.ClientTransportException: Error de transporte HTTP: java.net.ConnectException: Connection refused: connect
[ERROR] [2019-05-20 12:34:21] (MainServiceImpl:884) -  datos BSCS obtenidos a Recalcular  ======= Error Invocacion INT-COP-0223 ======Error: Recurso no disponible - WS 'INT-COP-0223 - Metodo 'retrieveSubscriptions'
[ERROR] [2019-05-20 12:34:21] (MainServiceImpl:589) - 14725836988[Error: Interface :]Insert exception
[INFO ] [2019-05-20 12:34:21] (MainServiceImpl:570) - 14725836988[se procede  al Reintento :]2
[INFO ] [2019-05-20 12:34:21] (MainServiceImpl:759) -  datos BSCS obtenidos a Recalcular  ======= Inicia Invocacion  INT-COP-0223 ======
[INFO ] [2019-05-20 12:34:21] (INTCOP0223ClientImpl:49) -  datos BSCS obtenidos a Recalcular [retrieveSubscriptions] [INICIO] - WS: http://mdp3728:8084/?WSDL
[INFO ] [2019-05-20 12:34:21] (INTCOP0223ClientImpl:50) -  datos BSCS obtenidos a Recalcular [retrieveSubscriptions] [INICIO] - METODO: retrieveSubscriptions
[INFO ] [2019-05-20 12:34:22] (INTCOP0223ClientImpl:100) -  datos BSCS obtenidos a Recalcular 
 Datos de [REQUEST]:
<pe.com.claro.esb.data.commonbusinessentities.clarogenericheaders.v2.HeaderRequest xmlns:ns2="http://claro.com.pe/esb/data/commonBusinessEntities/claroGenericHeaders/v2/">
  <ns2:channel>CAC</ns2:channel>
  <ns2:idApplication>SAP</ns2:idApplication>
  <ns2:userApplication>E_USR_01</ns2:userApplication>
  <ns2:userSession>E_USR_01</ns2:userSession>
  <ns2:idESBTransaction>14725836988</ns2:idESBTransaction>
  <ns2:idBusinessTransaction>14725836988</ns2:idBusinessTransaction>
  <ns2:startDate>2019-05-20T12:34:22.776-05:00</ns2:startDate>
</pe.com.claro.esb.data.commonbusinessentities.clarogenericheaders.v2.HeaderRequest>
<pe.com.claro.generic.messageformat.v1.HeaderRequestType>
  <country>PE</country>
  <language>ESbssAgreementManagement.</language>
  <consumer>TLF-</consumer>
  <system>USSD</system>
  <modulo>USSD</modulo>
  <pid>14725836988</pid>
  <userId>USRUSSD</userId>
  <dispositivo>USSD</dispositivo>
  <wsIp>172.19.74.222</wsIp>
  <operation>bsscustomermanagement</operation>
  <timestamp>2019-05-20T12:34:22.776-05:00</timestamp>
  <msgType>?</msgType>
</pe.com.claro.generic.messageformat.v1.HeaderRequestType>
<pe.com.claro.esb.message.bssagreementmanagement.retrievesubscriptions.v2.RetrieveSubscriptionsRequestType>
  <_customer>
    <_customerAccount>
      <_partyRole>
        <_partyRoleProductOffering>
          <_agreementItem>
            <_agreement>
              <ID>CONTR0000002776</ID>
            </_agreement>
          </_agreementItem>
        </_partyRoleProductOffering>
      </_partyRole>
    </_customerAccount>
  </_customer>
</pe.com.claro.esb.message.bssagreementmanagement.retrievesubscriptions.v2.RetrieveSubscriptionsRequestType>
[INFO ] [2019-05-20 12:34:22] (BssAgreementManagementClientHandler:55) - Agregando credenciales de autenticacion en el Header...
[INFO ] [2019-05-20 12:34:22] (BssAgreementManagementClientHandler:71) - Credenciales de autenticacion agregadas. Se continua con la invocacion
[ERROR] [2019-05-20 12:34:23] (INTCOP0223ClientImpl:108) -  datos BSCS obtenidos a Recalcular [retrieveSubscriptions] ERROR: [Exception] 1com.sun.xml.internal.ws.client.ClientTransportException: Error de transporte HTTP: java.net.ConnectException: Connection refused: connect
	at com.sun.xml.internal.ws.transport.http.client.HttpClientTransport.getOutput(HttpClientTransport.java:117)
	at com.sun.xml.internal.ws.transport.http.client.HttpTransportPipe.process(HttpTransportPipe.java:208)
	at com.sun.xml.internal.ws.transport.http.client.HttpTransportPipe.processRequest(HttpTransportPipe.java:130)
	at com.sun.xml.internal.ws.transport.DeferredTransportPipe.processRequest(DeferredTransportPipe.java:124)
	at com.sun.xml.internal.ws.api.pipe.Fiber.__doRun(Fiber.java:1121)
	at com.sun.xml.internal.ws.api.pipe.Fiber._doRun(Fiber.java:1035)
	at com.sun.xml.internal.ws.api.pipe.Fiber.doRun(Fiber.java:1004)
	at com.sun.xml.internal.ws.api.pipe.Fiber.runSync(Fiber.java:862)
	at com.sun.xml.internal.ws.client.Stub.process(Stub.java:448)
	at com.sun.xml.internal.ws.client.sei.SEIStub.doProcess(SEIStub.java:178)
	at com.sun.xml.internal.ws.client.sei.SyncMethodHandler.invoke(SyncMethodHandler.java:93)
	at com.sun.xml.internal.ws.client.sei.SyncMethodHandler.invoke(SyncMethodHandler.java:77)
	at com.sun.xml.internal.ws.client.sei.SEIStub.invoke(SEIStub.java:147)
	at com.sun.proxy.$Proxy44.retrieveSubscriptions(Unknown Source)
	at claro.com.pe.evalua.bono.recalculo.client.INTCOP0223ClientImpl.retrieveSubscriptionsResponse(INTCOP0223ClientImpl.java:105)
	at claro.com.pe.evalua.bono.recalculo.service.MainServiceImpl.retrieveSubscriptions(MainServiceImpl.java:796)
	at claro.com.pe.evalua.bono.recalculo.service.MainServiceImpl.reintento(MainServiceImpl.java:583)
	at claro.com.pe.evalua.bono.recalculo.service.MainServiceImpl.reCalcularEvaluacionSP(MainServiceImpl.java:136)
	at claro.com.pe.evalua.bono.recalculo.service.MainServiceImpl.runRecalcular(MainServiceImpl.java:72)
	at sun.reflect.NativeMethodAccessorImpl.invoke0(Native Method)
	at sun.reflect.NativeMethodAccessorImpl.invoke(NativeMethodAccessorImpl.java:62)
	at sun.reflect.DelegatingMethodAccessorImpl.invoke(DelegatingMethodAccessorImpl.java:43)
	at java.lang.reflect.Method.invoke(Method.java:497)
	at org.springframework.aop.support.AopUtils.invokeJoinpointUsingReflection(AopUtils.java:318)
	at org.springframework.aop.framework.ReflectiveMethodInvocation.invokeJoinpoint(ReflectiveMethodInvocation.java:183)
	at org.springframework.aop.framework.ReflectiveMethodInvocation.proceed(ReflectiveMethodInvocation.java:150)
	at org.springframework.transaction.interceptor.TransactionInterceptor.invoke(TransactionInterceptor.java:110)
	at org.springframework.aop.framework.ReflectiveMethodInvocation.proceed(ReflectiveMethodInvocation.java:172)
	at org.springframework.aop.framework.JdkDynamicAopProxy.invoke(JdkDynamicAopProxy.java:202)
	at com.sun.proxy.$Proxy12.runRecalcular(Unknown Source)
	at claro.com.pe.evalua.bono.recalculo.MainClass.launch(MainClass.java:80)
	at claro.com.pe.evalua.bono.recalculo.MainClass.main(MainClass.java:40)
Caused by: java.net.ConnectException: Connection refused: connect
	at java.net.DualStackPlainSocketImpl.waitForConnect(Native Method)
	at java.net.DualStackPlainSocketImpl.socketConnect(DualStackPlainSocketImpl.java:85)
	at java.net.AbstractPlainSocketImpl.doConnect(AbstractPlainSocketImpl.java:350)
	at java.net.AbstractPlainSocketImpl.connectToAddress(AbstractPlainSocketImpl.java:206)
	at java.net.AbstractPlainSocketImpl.connect(AbstractPlainSocketImpl.java:188)
	at java.net.PlainSocketImpl.connect(PlainSocketImpl.java:172)
	at java.net.SocksSocketImpl.connect(SocksSocketImpl.java:392)
	at java.net.Socket.connect(Socket.java:589)
	at sun.net.NetworkClient.doConnect(NetworkClient.java:175)
	at sun.net.www.http.HttpClient.openServer(HttpClient.java:432)
	at sun.net.www.http.HttpClient.openServer(HttpClient.java:527)
	at sun.net.www.http.HttpClient.<init>(HttpClient.java:211)
	at sun.net.www.http.HttpClient.New(HttpClient.java:308)
	at sun.net.www.http.HttpClient.New(HttpClient.java:326)
	at sun.net.www.protocol.http.HttpURLConnection.getNewHttpClient(HttpURLConnection.java:1168)
	at sun.net.www.protocol.http.HttpURLConnection.plainConnect0(HttpURLConnection.java:1147)
	at sun.net.www.protocol.http.HttpURLConnection.plainConnect(HttpURLConnection.java:998)
	at sun.net.www.protocol.http.HttpURLConnection.connect(HttpURLConnection.java:932)
	at sun.net.www.protocol.http.HttpURLConnection.getOutputStream0(HttpURLConnection.java:1282)
	at sun.net.www.protocol.http.HttpURLConnection.getOutputStream(HttpURLConnection.java:1257)
	at com.sun.xml.internal.ws.transport.http.client.HttpClientTransport.getOutput(HttpClientTransport.java:104)
	... 31 more

[ERROR] [2019-05-20 12:34:23] (INTCOP0223ClientImpl:116) -  datos BSCS obtenidos a Recalcular ERROR[Exception]: Se produjo una excepcion al ejecutar WS http://mdp3728:8084/?WSDL
[INFO ] [2019-05-20 12:34:23] (INTCOP0223ClientImpl:120) -  datos BSCS obtenidos a Recalcular [retrieveSubscriptions] [FIN] - METODO: retrieveSubscriptions
[INFO ] [2019-05-20 12:34:23] (INTCOP0223ClientImpl:121) -  datos BSCS obtenidos a Recalcular [retrieveSubscriptions]  ::FIN - TiempoEjecucion(ms): 1974.0
[ERROR] [2019-05-20 12:34:23] (MainServiceImpl:883) -  datos BSCS obtenidos a Recalcular  ======= Error Invocacion INT-COP-0223 ======com.sun.xml.internal.ws.client.ClientTransportException: Error de transporte HTTP: java.net.ConnectException: Connection refused: connect
[ERROR] [2019-05-20 12:34:23] (MainServiceImpl:884) -  datos BSCS obtenidos a Recalcular  ======= Error Invocacion INT-COP-0223 ======Error: Recurso no disponible - WS 'INT-COP-0223 - Metodo 'retrieveSubscriptions'
[ERROR] [2019-05-20 12:34:23] (MainServiceImpl:589) - 14725836988[Error: Interface :]Insert exception
[ERROR] [2019-05-20 12:34:23] (MainServiceImpl:419) - 14725836988Error Interno: null
java.lang.NullPointerException
	at claro.com.pe.evalua.bono.recalculo.service.MainServiceImpl.reCalcularEvaluacionSP(MainServiceImpl.java:137)
	at claro.com.pe.evalua.bono.recalculo.service.MainServiceImpl.runRecalcular(MainServiceImpl.java:72)
	at sun.reflect.NativeMethodAccessorImpl.invoke0(Native Method)
	at sun.reflect.NativeMethodAccessorImpl.invoke(NativeMethodAccessorImpl.java:62)
	at sun.reflect.DelegatingMethodAccessorImpl.invoke(DelegatingMethodAccessorImpl.java:43)
	at java.lang.reflect.Method.invoke(Method.java:497)
	at org.springframework.aop.support.AopUtils.invokeJoinpointUsingReflection(AopUtils.java:318)
	at org.springframework.aop.framework.ReflectiveMethodInvocation.invokeJoinpoint(ReflectiveMethodInvocation.java:183)
	at org.springframework.aop.framework.ReflectiveMethodInvocation.proceed(ReflectiveMethodInvocation.java:150)
	at org.springframework.transaction.interceptor.TransactionInterceptor.invoke(TransactionInterceptor.java:110)
	at org.springframework.aop.framework.ReflectiveMethodInvocation.proceed(ReflectiveMethodInvocation.java:172)
	at org.springframework.aop.framework.JdkDynamicAopProxy.invoke(JdkDynamicAopProxy.java:202)
	at com.sun.proxy.$Proxy12.runRecalcular(Unknown Source)
	at claro.com.pe.evalua.bono.recalculo.MainClass.launch(MainClass.java:80)
	at claro.com.pe.evalua.bono.recalculo.MainClass.main(MainClass.java:40)
[INFO ] [2019-05-20 12:34:23] (MainServiceImpl:423) - 14725836988[Fin de metodo: run]
[INFO ] [2019-05-20 12:34:23] (MainServiceImpl:86) - 14725836988Error en procesar Recalculo
[INFO ] [2019-05-20 12:34:23] (MainServiceImpl:89) - 14725836988[Fin - SH06_MOTPROM_EvaluaBono_ReCalculo ]
[ERROR] [2019-05-20 12:34:23] (MainClass:82) - [launch idTx=14725836988]Error: java.lang.Exception: exception.
[INFO ] [2019-05-20 12:34:23] (MainClass:86) - [launch idTx=14725836988][FIN de metodo: launch] Tiempo total de proceso(ms): 21050 milisegundos.
[ERROR] [2019-05-20 12:34:23] (MainClass:46) - [main idTx=14725836988]Error al Levantar Contexto: java.lang.Exception.
[INFO ] [2019-05-20 12:34:23] (MainClass:52) - [main idTx=14725836988][FIN de metodo: main] Tiempo total de proceso(ms): 22316 milisegundos.
[INFO ] [2019-05-20 12:34:23] (ClassPathXmlApplicationContext:1020) - Closing org.springframework.context.support.ClassPathXmlApplicationContext@4629104a: startup date [Mon May 20 12:34:01 COT 2019]; root of context hierarchy
[INFO ] [2019-05-20 12:34:23] (DefaultListableBeanFactory:433) - Destroying singletons in org.springframework.beans.factory.support.DefaultListableBeanFactory@527740a2: defining beans [org.springframework.context.annotation.internalConfigurationAnnotationProcessor,org.springframework.context.annotation.internalAutowiredAnnotationProcessor,org.springframework.context.annotation.internalRequiredAnnotationProcessor,org.springframework.context.annotation.internalCommonAnnotationProcessor,INTCAA0002ClientImpl,INTCOP0223ClientImpl,motorPromDAOImpl,mainClass,mainServiceImpl,EAIUtil,propertiesExternos,util,org.springframework.context.support.PropertySourcesPlaceholderConfigurer#0,bscs,transactionManager,org.springframework.aop.config.internalAutoProxyCreator,org.springframework.transaction.annotation.AnnotationTransactionAttributeSource#0,org.springframework.transaction.interceptor.TransactionInterceptor#0,org.springframework.transaction.config.internalTransactionAdvisor,org.springframework.context.annotation.ConfigurationClassPostProcessor$ImportAwareBeanPostProcessor#0]; root of factory hierarchy
